2025-10-29 03:14:15 [scrapy.middleware] INFO: Enabled downloader middlewares:
['scrapy.downloadermiddlewares.offsite.OffsiteMiddleware',
 'scrapy.downloadermiddlewares.robotstxt.RobotsTxtMiddleware',
 'scrapy.downloadermiddlewares.httpauth.HttpAuthMiddleware',
 'scrapy.downloadermiddlewares.downloadtimeout.DownloadTimeoutMiddleware',
 'scrapy.downloadermiddlewares.defaultheaders.DefaultHeadersMiddleware',
 'NodeScrapy.middlewares.RandomUserAgentMiddleware',
 'scrapy.downloadermiddlewares.useragent.UserAgentMiddleware',
 'scrapy.downloadermiddlewares.retry.RetryMiddleware',
 'scrapy.downloadermiddlewares.redirect.MetaRefreshMiddleware',
 'scrapy.downloadermiddlewares.httpcompression.HttpCompressionMiddleware',
 'scrapy.downloadermiddlewares.redirect.RedirectMiddleware',
 'scrapy.downloadermiddlewares.cookies.CookiesMiddleware',
 'scrapy.downloadermiddlewares.httpproxy.HttpProxyMiddleware',
 'scrapy.downloadermiddlewares.stats.DownloaderStats']
2025-10-29 03:14:15 [scrapy.middleware] INFO: Enabled spider middlewares:
['scrapy.spidermiddlewares.start.StartSpiderMiddleware',
 'scrapy.spidermiddlewares.httperror.HttpErrorMiddleware',
 'scrapy.spidermiddlewares.referer.RefererMiddleware',
 'scrapy.spidermiddlewares.urllength.UrlLengthMiddleware',
 'scrapy.spidermiddlewares.depth.DepthMiddleware']
2025-10-29 03:14:15 [scrapy.middleware] INFO: Enabled item pipelines:
['NodeScrapy.pipelines.Pipeline']
2025-10-29 03:14:15 [scrapy.core.engine] INFO: Spider opened
2025-10-29 03:14:16 [py.warnings] WARNING: /opt/hostedtoolcache/Python/3.11.14/x64/lib/python3.11/site-packages/scrapy/core/spidermw.py:433: ScrapyDeprecationWarning: NodeScrapy.spiders.SimpleSpider.SimpleSpider defines the deprecated start_requests() method. start_requests() has been deprecated in favor of a new method, start(), to support asynchronous code execution. start_requests() will stop being called in a future version of Scrapy. If you use Scrapy 2.13 or higher only, replace start_requests() with start(); note that start() is a coroutine (async def). If you need to maintain compatibility with lower Scrapy versions, when overriding start_requests() in a spider class, override start() as well; you can use super() to reuse the inherited start() implementation without copy-pasting. See the release notes of Scrapy 2.13 for details: https://docs.scrapy.org/en/2.13/news.html
  warn(

2025-10-29 03:14:16 [scrapy.extensions.logstats] INFO: Crawled 0 pages (at 0 pages/min), scraped 0 items (at 0 items/min)
2025-10-29 03:14:16 [scrapy.extensions.telnet] INFO: Telnet console listening on 127.0.0.1:6023
2025-10-29 03:14:16 [simple] INFO: clashmeta start
2025-10-29 03:14:16 [simple] INFO: ndnode start
2025-10-29 03:14:16 [simple] INFO: nodev2ray start
2025-10-29 03:14:16 [simple] INFO: nodefree start
2025-10-29 03:14:16 [simple] INFO: v2rayshare start
2025-10-29 03:14:16 [simple] INFO: wenode start
2025-10-29 03:14:16 [simple] INFO: clashmeta found /free-nodes/2025-10-25-clash-meta-node-share.htm on 2025-10-25
2025-10-29 03:14:16 [simple] INFO: clashmeta found /free-nodes/2025-10-25-clash-meta-node-share.htm on 2025-10-25
2025-10-29 03:14:16 [simple] INFO: clashmeta found /free-nodes/2025-10-24-free-subscribe-node.htm on 2025-10-24
2025-10-29 03:14:16 [simple] INFO: clashmeta found /free-nodes/2025-10-24-free-subscribe-node.htm on 2025-10-24
2025-10-29 03:14:16 [simple] INFO: clashmeta found /free-nodes/2025-10-23-free-node-subscribe-links.htm on 2025-10-23
2025-10-29 03:14:16 [simple] INFO: clashmeta found /free-nodes/2025-10-23-free-node-subscribe-links.htm on 2025-10-23
2025-10-29 03:14:16 [simple] INFO: clashmeta found /free-nodes/2025-10-22-clash-meta-node-github.htm on 2025-10-22
2025-10-29 03:14:16 [simple] INFO: clashmeta found /free-nodes/2025-10-22-clash-meta-node-github.htm on 2025-10-22
2025-10-29 03:14:16 [simple] INFO: clashmeta found /free-nodes/2025-10-21-clash-meta-windows.htm on 2025-10-21
2025-10-29 03:14:16 [simple] INFO: clashmeta found /free-nodes/2025-10-21-clash-meta-windows.htm on 2025-10-21
2025-10-29 03:14:16 [simple] INFO: clashmeta found /free-nodes/2025-10-20-free-subscribe-node.htm on 2025-10-20
2025-10-29 03:14:16 [simple] INFO: clashmeta found /free-nodes/2025-10-20-free-subscribe-node.htm on 2025-10-20
2025-10-29 03:14:16 [simple] INFO: clashmeta found /free-nodes/2025-10-19-clash-meta-node.htm on 2025-10-19
2025-10-29 03:14:16 [simple] INFO: clashmeta found /free-nodes/2025-10-19-clash-meta-node.htm on 2025-10-19
2025-10-29 03:14:16 [simple] INFO: clashmeta found /free-nodes/2025-10-18-clash-meta-windows.htm on 2025-10-18
2025-10-29 03:14:16 [simple] INFO: clashmeta found /free-nodes/2025-10-18-clash-meta-windows.htm on 2025-10-18
2025-10-29 03:14:16 [simple] INFO: clashmeta found /free-nodes/2025-10-17-node-share.htm on 2025-10-17
2025-10-29 03:14:16 [simple] INFO: clashmeta found /free-nodes/2025-10-17-node-share.htm on 2025-10-17
2025-10-29 03:14:16 [simple] INFO: clashmeta found /free-nodes/2025-10-16-free-node-subscribe-links.htm on 2025-10-16
2025-10-29 03:14:16 [simple] INFO: clashmeta found /free-nodes/2025-10-16-free-node-subscribe-links.htm on 2025-10-16
2025-10-29 03:14:16 [simple] INFO: clashmeta is up to date, exiting
2025-10-29 03:14:16 [simple] INFO: clashmeta is up to date, exiting
2025-10-29 03:14:16 [simple] INFO: clashmeta is up to date, exiting
2025-10-29 03:14:16 [simple] INFO: nodev2ray found /free-node/2025-10-29-v2ray-node-daily-updates.htm on 2025-10-29
2025-10-29 03:14:16 [simple] INFO: nodev2ray found /free-node/2025-10-28-free-node-subscribe-links.htm on 2025-10-28
2025-10-29 03:14:16 [simple] INFO: nodev2ray found /free-node/2025-10-27-free-shadowrocket-node.htm on 2025-10-27
2025-10-29 03:14:16 [simple] INFO: nodev2ray found /free-node/2025-10-26-clash-v2ray-ss-ssr.htm on 2025-10-26
2025-10-29 03:14:16 [simple] INFO: nodev2ray found /free-node/2025-10-25-v2ray-node.htm on 2025-10-25
2025-10-29 03:14:16 [simple] INFO: nodev2ray found /free-node/2025-10-24-free-subscribe-node.htm on 2025-10-24
2025-10-29 03:14:16 [simple] INFO: nodev2ray found /free-node/2025-10-23-free-subscribe-node.htm on 2025-10-23
2025-10-29 03:14:16 [simple] INFO: nodev2ray found /free-node/2025-10-22-free-v2ray.htm on 2025-10-22
2025-10-29 03:14:16 [simple] INFO: nodev2ray found /free-node/2025-10-21-free-subscribe-node.htm on 2025-10-21
2025-10-29 03:14:16 [simple] INFO: nodev2ray found /free-node/2025-10-20-free-shadowrocket-node.htm on 2025-10-20
2025-10-29 03:14:16 [simple] INFO: nodev2ray needs update, accessing https://nodev2ray.com/free-node/2025-10-29-v2ray-node-daily-updates.htm
2025-10-29 03:14:16 [simple] INFO: nodev2ray needs update, accessing https://nodev2ray.com/free-node/2025-10-28-free-node-subscribe-links.htm
2025-10-29 03:14:16 [simple] INFO: nodev2ray needs update, accessing https://nodev2ray.com/free-node/2025-10-27-free-shadowrocket-node.htm
2025-10-29 03:14:16 [simple] INFO: v2rayshare found https://v2rayshare.net/p/4160.html on 2025-10-29
2025-10-29 03:14:16 [simple] INFO: v2rayshare found https://v2rayshare.net/p/4161.html on 2025-10-28
2025-10-29 03:14:16 [simple] INFO: v2rayshare found https://v2rayshare.net/p/4162.html on 2025-10-27
2025-10-29 03:14:16 [simple] INFO: v2rayshare found https://v2rayshare.net/p/4163.html on 2025-10-26
2025-10-29 03:14:16 [simple] INFO: v2rayshare found https://v2rayshare.net/p/4164.html on 2025-10-25
2025-10-29 03:14:16 [simple] INFO: v2rayshare found https://v2rayshare.net/p/4165.html on 2025-10-24
2025-10-29 03:14:16 [simple] INFO: v2rayshare found https://v2rayshare.net/p/4166.html on 2025-10-23
2025-10-29 03:14:16 [simple] INFO: v2rayshare found https://v2rayshare.net/p/4167.html on 2025-10-22
2025-10-29 03:14:16 [simple] INFO: v2rayshare found https://v2rayshare.net/p/4168.html on 2025-10-21
2025-10-29 03:14:16 [simple] INFO: v2rayshare found https://v2rayshare.net/p/4169.html on 2025-10-20
2025-10-29 03:14:16 [simple] INFO: v2rayshare needs update, accessing https://v2rayshare.net/p/4160.html
2025-10-29 03:14:16 [simple] INFO: v2rayshare is up to date, exiting
2025-10-29 03:14:16 [simple] INFO: v2rayshare is up to date, exiting
2025-10-29 03:14:17 [simple] INFO: v2rayshare found https://v2rayshare.githubrowcontent.com/2025/10/20251029.txt
2025-10-29 03:14:17 [simple] INFO: v2rayshare found https://v2rayshare.githubrowcontent.com/2025/10/20251029.yaml
2025-10-29 03:14:17 [simple] INFO: v2rayshare found https://v2rayshare.githubrowcontent.com/2025/10/m20251029.yaml
2025-10-29 03:14:17 [simple] INFO: nodev2ray found https://node.nodev2ray.com/uploads/2025/10/0-20251029.txt
2025-10-29 03:14:17 [simple] INFO: nodev2ray found https://node.nodev2ray.com/uploads/2025/10/1-20251029.txt
2025-10-29 03:14:17 [simple] INFO: nodev2ray found https://node.nodev2ray.com/uploads/2025/10/3-20251029.txt
2025-10-29 03:14:17 [simple] INFO: nodev2ray found https://node.nodev2ray.com/uploads/2025/10/0-20251029.yaml
2025-10-29 03:14:17 [simple] INFO: nodev2ray found https://node.nodev2ray.com/uploads/2025/10/1-20251029.yaml
2025-10-29 03:14:17 [simple] INFO: nodev2ray found https://node.nodev2ray.com/uploads/2025/10/2-20251029.yaml
2025-10-29 03:14:17 [simple] INFO: nodev2ray found https://node.nodev2ray.com/uploads/2025/10/3-20251029.yaml
2025-10-29 03:14:17 [simple] INFO: nodev2ray found https://node.nodev2ray.com/uploads/2025/10/4-20251029.yaml
2025-10-29 03:14:17 [simple] WARNING: nodev2ray could not parse https://node.nodev2ray.com/uploads/2025/10/20251029.json, skipping
2025-10-29 03:14:17 [simple] INFO: nodev2ray found https://node.nodev2ray.com/uploads/2025/10/0-20251027.txt
2025-10-29 03:14:17 [simple] INFO: nodev2ray found https://node.nodev2ray.com/uploads/2025/10/1-20251027.txt
2025-10-29 03:14:17 [simple] INFO: nodev2ray found https://node.nodev2ray.com/uploads/2025/10/2-20251027.txt
2025-10-29 03:14:17 [simple] INFO: nodev2ray found https://node.nodev2ray.com/uploads/2025/10/3-20251027.txt
2025-10-29 03:14:17 [simple] INFO: nodev2ray found https://node.nodev2ray.com/uploads/2025/10/4-20251027.txt
2025-10-29 03:14:17 [simple] INFO: nodev2ray found https://node.nodev2ray.com/uploads/2025/10/0-20251027.yaml
2025-10-29 03:14:17 [simple] INFO: nodev2ray found https://node.nodev2ray.com/uploads/2025/10/1-20251027.yaml
2025-10-29 03:14:17 [simple] INFO: nodev2ray found https://node.nodev2ray.com/uploads/2025/10/2-20251027.yaml
2025-10-29 03:14:17 [simple] INFO: nodev2ray found https://node.nodev2ray.com/uploads/2025/10/3-20251027.yaml
2025-10-29 03:14:17 [simple] INFO: nodev2ray found https://node.nodev2ray.com/uploads/2025/10/4-20251027.yaml
2025-10-29 03:14:17 [simple] WARNING: nodev2ray could not parse https://node.nodev2ray.com/uploads/2025/10/20251027.json, skipping
2025-10-29 03:14:17 [simple] INFO: nodev2ray found https://node.nodev2ray.com/uploads/2025/10/0-20251028.txt
2025-10-29 03:14:17 [simple] INFO: nodev2ray found https://node.nodev2ray.com/uploads/2025/10/1-20251028.txt
2025-10-29 03:14:17 [simple] INFO: nodev2ray found https://node.nodev2ray.com/uploads/2025/10/2-20251028.txt
2025-10-29 03:14:17 [simple] INFO: nodev2ray found https://node.nodev2ray.com/uploads/2025/10/3-20251028.txt
2025-10-29 03:14:17 [simple] INFO: nodev2ray found https://node.nodev2ray.com/uploads/2025/10/4-20251028.txt
2025-10-29 03:14:17 [simple] INFO: nodev2ray found https://node.nodev2ray.com/uploads/2025/10/0-20251028.yaml
2025-10-29 03:14:17 [simple] INFO: nodev2ray found https://node.nodev2ray.com/uploads/2025/10/1-20251028.yaml
2025-10-29 03:14:17 [simple] INFO: nodev2ray found https://node.nodev2ray.com/uploads/2025/10/2-20251028.yaml
2025-10-29 03:14:17 [simple] INFO: nodev2ray found https://node.nodev2ray.com/uploads/2025/10/3-20251028.yaml
2025-10-29 03:14:17 [simple] INFO: nodev2ray found https://node.nodev2ray.com/uploads/2025/10/4-20251028.yaml
2025-10-29 03:14:17 [simple] WARNING: nodev2ray could not parse https://node.nodev2ray.com/uploads/2025/10/20251028.json, skipping
2025-10-29 03:14:17 [simple] INFO: nodefree found https://nodefree.me/p/2747.html on 2025-10-28
2025-10-29 03:14:17 [simple] INFO: nodefree found https://nodefree.me/p/2748.html on 2025-10-27
2025-10-29 03:14:17 [simple] INFO: nodefree found https://nodefree.me/p/2749.html on 2025-10-26
2025-10-29 03:14:17 [simple] INFO: nodefree found https://nodefree.me/p/2750.html on 2025-10-25
2025-10-29 03:14:17 [simple] INFO: nodefree found https://nodefree.me/p/2751.html on 2025-10-24
2025-10-29 03:14:17 [simple] INFO: nodefree found https://nodefree.me/p/2752.html on 2025-10-23
2025-10-29 03:14:17 [simple] INFO: nodefree found https://nodefree.me/p/2753.html on 2025-10-22
2025-10-29 03:14:17 [simple] INFO: nodefree found https://nodefree.me/p/2754.html on 2025-10-21
2025-10-29 03:14:17 [simple] INFO: nodefree found https://nodefree.me/p/2755.html on 2025-10-20
2025-10-29 03:14:17 [simple] INFO: nodefree found https://nodefree.me/p/2756.html on 2025-10-19
2025-10-29 03:14:17 [simple] INFO: nodefree is up to date, exiting
2025-10-29 03:14:17 [simple] INFO: nodefree is up to date, exiting
2025-10-29 03:14:17 [simple] INFO: nodefree is up to date, exiting
2025-10-29 03:14:17 [simple] INFO: Pipeline processed v2rayshare.yaml
2025-10-29 03:14:17 [simple] INFO: Pipeline processed v2rayshare.txt
2025-10-29 03:14:17 [simple] INFO: Pipeline processed v2rayshare.yaml
2025-10-29 03:14:17 [simple] INFO: wenode found https://oneclash.cc/a/2355.html on 2025-10-29
2025-10-29 03:14:17 [simple] INFO: wenode found https://oneclash.cc/a/2356.html on 2025-10-28
2025-10-29 03:14:17 [simple] INFO: wenode found https://oneclash.cc/a/2357.html on 2025-10-27
2025-10-29 03:14:17 [simple] INFO: wenode found https://oneclash.cc/a/2358.html on 2025-10-26
2025-10-29 03:14:17 [simple] INFO: wenode found https://oneclash.cc/a/2359.html on 2025-10-25
2025-10-29 03:14:17 [simple] INFO: wenode found https://oneclash.cc/a/2360.html on 2025-10-24
2025-10-29 03:14:17 [simple] INFO: wenode found https://oneclash.cc/a/2361.html on 2025-10-23
2025-10-29 03:14:17 [simple] INFO: wenode found https://oneclash.cc/a/2362.html on 2025-10-22
2025-10-29 03:14:17 [simple] INFO: wenode found https://oneclash.cc/a/2363.html on 2025-10-21
2025-10-29 03:14:17 [simple] INFO: wenode found https://oneclash.cc/a/2364.html on 2025-10-20
2025-10-29 03:14:17 [simple] INFO: wenode needs update, accessing https://oneclash.cc/a/2355.html
2025-10-29 03:14:17 [simple] INFO: wenode is up to date, exiting
2025-10-29 03:14:17 [simple] INFO: wenode is up to date, exiting
2025-10-29 03:14:17 [simple] WARNING: wenode could not parse https://oneclash.githubrowcontent.com/2025/..."/, skipping
2025-10-29 03:14:17 [simple] INFO: wenode found https://oneclash.githubrowcontent.com/2025/10/20251029.txt
2025-10-29 03:14:17 [simple] INFO: wenode found https://oneclash.githubrowcontent.com/2025/10/20251029.yaml
2025-10-29 03:14:17 [simple] INFO: wenode found https://oneclash.githubrowcontent.com/2025/10/m20251029.yaml
2025-10-29 03:14:18 [simple] INFO: ndnode found https://www.naidounode.com/n/3348.html on 2025-10-29
2025-10-29 03:14:18 [simple] INFO: ndnode found https://www.naidounode.com/n/3346.html on 2025-10-28
2025-10-29 03:14:18 [simple] INFO: ndnode found https://www.naidounode.com/n/3344.html on 2025-10-27
2025-10-29 03:14:18 [simple] INFO: ndnode found https://www.naidounode.com/n/3342.html on 2025-10-26
2025-10-29 03:14:18 [simple] INFO: ndnode found https://www.naidounode.com/n/3340.html on 2025-10-25
2025-10-29 03:14:18 [simple] INFO: ndnode found https://www.naidounode.com/n/3338.html on 2025-10-24
2025-10-29 03:14:18 [simple] INFO: ndnode found https://www.naidounode.com/n/3336.html on 2025-10-23
2025-10-29 03:14:18 [simple] INFO: ndnode found https://www.naidounode.com/n/3333.html on 2025-10-22
2025-10-29 03:14:18 [simple] INFO: ndnode found https://www.naidounode.com/n/3331.html on 2025-10-21
2025-10-29 03:14:18 [simple] INFO: ndnode found https://www.naidounode.com/n/3329.html on 2025-10-20
2025-10-29 03:14:18 [simple] INFO: ndnode needs update, accessing https://www.naidounode.com/n/3348.html
2025-10-29 03:14:18 [simple] INFO: ndnode is up to date, exiting
2025-10-29 03:14:18 [simple] INFO: ndnode is up to date, exiting
2025-10-29 03:14:18 [simple] INFO: ndnode found http://naidounode.cczzuu.top/node/20251029-v2ray.txt
2025-10-29 03:14:18 [simple] INFO: ndnode found http://naidounode.cczzuu.top/node/20251029-clash.yaml
2025-10-29 03:14:18 [simple] INFO: Pipeline processed wenode.txt
2025-10-29 03:14:18 [simple] INFO: Pipeline processed wenode.yaml
2025-10-29 03:14:18 [simple] INFO: Pipeline processed wenode.yaml
2025-10-29 03:14:18 [simple] INFO: Pipeline processed ndnode.txt
2025-10-29 03:14:19 [simple] INFO: Pipeline processed ndnode.yaml
2025-10-29 03:14:19 [scrapy.core.engine] INFO: Closing spider (finished)
2025-10-29 03:14:19 [scrapy.statscollectors] INFO: Dumping Scrapy stats:
{'downloader/exception_count': 28,
 'downloader/exception_type_count/scrapy.exceptions.IgnoreRequest': 28,
 'downloader/request_bytes': 14070,
 'downloader/request_count': 40,
 'downloader/request_method_count/GET': 40,
 'downloader/response_bytes': 396464,
 'downloader/response_count': 40,
 'downloader/response_status_count/200': 27,
 'downloader/response_status_count/301': 8,
 'downloader/response_status_count/404': 5,
 'elapsed_time_seconds': 3.254183,
 'finish_reason': 'finished',
 'finish_time': datetime.datetime(2025, 10, 29, 3, 14, 19, 297203, tzinfo=datetime.timezone.utc),
 'httpcompression/response_bytes': 686233,
 'httpcompression/response_count': 25,
 'item_scraped_count': 8,
 'items_per_minute': 160.0,
 'log_count/INFO': 148,
 'log_count/WARNING': 6,
 'memusage/max': 158015488,
 'memusage/startup': 158015488,
 'request_depth_max': 2,
 'response_received_count': 32,
 'responses_per_minute': 640.0,
 'robotstxt/forbidden': 28,
 'robotstxt/request_count': 12,
 'robotstxt/response_count': 12,
 'robotstxt/response_status_count/200': 7,
 'robotstxt/response_status_count/404': 5,
 'scheduler/dequeued': 51,
 'scheduler/dequeued/memory': 51,
 'scheduler/enqueued': 51,
 'scheduler/enqueued/memory': 51,
 'start_time': datetime.datetime(2025, 10, 29, 3, 14, 16, 43020, tzinfo=datetime.timezone.utc)}
2025-10-29 03:14:19 [scrapy.core.engine] INFO: Spider closed (finished)
2025-10-29 03:15:25 [scrapy.addons] INFO: Enabled addons:
[]
2025-10-29 03:15:25 [py.warnings] WARNING: /opt/hostedtoolcache/Python/3.11.14/x64/lib/python3.11/site-packages/scrapy/utils/request.py:120: ScrapyDeprecationWarning: 'REQUEST_FINGERPRINTER_IMPLEMENTATION' is a deprecated setting.
It will be removed in a future version of Scrapy.
  return cls(crawler)

2025-10-29 03:15:25 [scrapy.extensions.telnet] INFO: Telnet Password: bc07e27334bf9607
2025-10-29 03:15:25 [scrapy.middleware] INFO: Enabled extensions:
['scrapy.extensions.corestats.CoreStats',
 'scrapy.extensions.telnet.TelnetConsole',
 'scrapy.extensions.memusage.MemoryUsage',
 'scrapy.extensions.logstats.LogStats']
2025-10-29 03:15:25 [scrapy.crawler] INFO: Overridden settings:
{'BOT_NAME': 'NodeScrapy',
 'FEED_EXPORT_ENCODING': 'utf-8',
 'LOG_FILE': 'scrapy.log',
 'LOG_LEVEL': 'INFO',
 'NEWSPIDER_MODULE': 'NodeScrapy.spiders',
 'REQUEST_FINGERPRINTER_IMPLEMENTATION': '2.7',
 'ROBOTSTXT_OBEY': True,
 'SPIDER_MODULES': ['NodeScrapy.spiders']}
2025-10-29 03:15:25 [scrapy.middleware] INFO: Enabled downloader middlewares:
['scrapy.downloadermiddlewares.offsite.OffsiteMiddleware',
 'scrapy.downloadermiddlewares.robotstxt.RobotsTxtMiddleware',
 'scrapy.downloadermiddlewares.httpauth.HttpAuthMiddleware',
 'scrapy.downloadermiddlewares.downloadtimeout.DownloadTimeoutMiddleware',
 'scrapy.downloadermiddlewares.defaultheaders.DefaultHeadersMiddleware',
 'NodeScrapy.middlewares.RandomUserAgentMiddleware',
 'scrapy.downloadermiddlewares.useragent.UserAgentMiddleware',
 'scrapy.downloadermiddlewares.retry.RetryMiddleware',
 'scrapy.downloadermiddlewares.redirect.MetaRefreshMiddleware',
 'scrapy.downloadermiddlewares.httpcompression.HttpCompressionMiddleware',
 'scrapy.downloadermiddlewares.redirect.RedirectMiddleware',
 'scrapy.downloadermiddlewares.cookies.CookiesMiddleware',
 'scrapy.downloadermiddlewares.httpproxy.HttpProxyMiddleware',
 'scrapy.downloadermiddlewares.stats.DownloaderStats']
2025-10-29 03:15:25 [scrapy.middleware] INFO: Enabled spider middlewares:
['scrapy.spidermiddlewares.start.StartSpiderMiddleware',
 'scrapy.spidermiddlewares.httperror.HttpErrorMiddleware',
 'scrapy.spidermiddlewares.referer.RefererMiddleware',
 'scrapy.spidermiddlewares.urllength.UrlLengthMiddleware',
 'scrapy.spidermiddlewares.depth.DepthMiddleware']
2025-10-29 03:15:25 [scrapy.middleware] INFO: Enabled item pipelines:
['NodeScrapy.pipelines.Pipeline']
2025-10-29 03:15:25 [scrapy.core.engine] INFO: Spider opened
2025-10-29 03:15:25 [py.warnings] WARNING: /opt/hostedtoolcache/Python/3.11.14/x64/lib/python3.11/site-packages/scrapy/core/spidermw.py:433: ScrapyDeprecationWarning: NodeScrapy.spiders.SimpleSpider.SimpleSpider (inherited by NodeScrapy.spiders.DecryptSpider.DecryptSpider) defines the deprecated start_requests() method. start_requests() has been deprecated in favor of a new method, start(), to support asynchronous code execution. start_requests() will stop being called in a future version of Scrapy. If you use Scrapy 2.13 or higher only, replace start_requests() with start(); note that start() is a coroutine (async def). If you need to maintain compatibility with lower Scrapy versions, when overriding start_requests() in a spider class, override start() as well; you can use super() to reuse the inherited start() implementation without copy-pasting. See the release notes of Scrapy 2.13 for details: https://docs.scrapy.org/en/2.13/news.html
  warn(

2025-10-29 03:15:25 [scrapy.extensions.logstats] INFO: Crawled 0 pages (at 0 pages/min), scraped 0 items (at 0 items/min)
2025-10-29 03:15:25 [scrapy.extensions.telnet] INFO: Telnet console listening on 127.0.0.1:6023
2025-10-29 03:15:25 [decrypt] INFO: yudou66 start
2025-10-29 03:15:25 [decrypt] INFO: blues start
2025-10-29 03:15:25 [scrapy.downloadermiddlewares.retry] ERROR: Gave up retrying <GET https://www.yudou123.top/robots.txt> (failed 3 times): [<twisted.python.failure.Failure twisted.internet.error.ConnectionLost: Connection to the other side was lost in a non-clean fashion: Connection lost.>]
2025-10-29 03:15:25 [scrapy.downloadermiddlewares.robotstxt] ERROR: Error downloading <GET https://www.yudou123.top/robots.txt>: [<twisted.python.failure.Failure twisted.internet.error.ConnectionLost: Connection to the other side was lost in a non-clean fashion: Connection lost.>]
Traceback (most recent call last):
  File "/opt/hostedtoolcache/Python/3.11.14/x64/lib/python3.11/site-packages/twisted/internet/defer.py", line 1853, in _inlineCallbacks
    result = context.run(
             ^^^^^^^^^^^^
  File "/opt/hostedtoolcache/Python/3.11.14/x64/lib/python3.11/site-packages/twisted/python/failure.py", line 467, in throwExceptionIntoGenerator
    return g.throw(self.value.with_traceback(self.tb))
           ^^^^^^^^^^^^^^^^^^^^^^^^^^^^^^^^^^^^^^^^^^^
  File "/opt/hostedtoolcache/Python/3.11.14/x64/lib/python3.11/site-packages/scrapy/core/downloader/middleware.py", line 68, in process_request
    return (yield download_func(request, spider))
            ^^^^^^^^^^^^^^^^^^^^^^^^^^^^^^^^^^^^
twisted.web._newclient.ResponseNeverReceived: [<twisted.python.failure.Failure twisted.internet.error.ConnectionLost: Connection to the other side was lost in a non-clean fashion: Connection lost.>]
2025-10-29 03:15:25 [decrypt] INFO: blues found https://blues2022.blogspot.com/2025/10/202510284kchatgpt4k8kclashv2ray.html on 2025-10-28
2025-10-29 03:15:25 [decrypt] INFO: blues found https://blues2022.blogspot.com/2025/10/202510274kchatgpt4k8kclashv2ray.html on 2025-10-27
2025-10-29 03:15:25 [decrypt] INFO: blues found https://blues2022.blogspot.com/2025/10/202510264kchatgpt4k8kclashv2ray.html on 2025-10-26
2025-10-29 03:15:25 [decrypt] INFO: blues found https://blues2022.blogspot.com/2025/10/202510254kchatgpt4k8kclashv2ray.html on 2025-10-25
2025-10-29 03:15:25 [decrypt] INFO: blues found https://blues2022.blogspot.com/2025/10/202510234kchatgpt4k8kclashv2ray_23.html on 2025-10-24
2025-10-29 03:15:25 [decrypt] INFO: blues found https://blues2022.blogspot.com/2025/10/202510234kchatgpt4k8kclashv2ray.html on 2025-10-23
2025-10-29 03:15:25 [decrypt] INFO: blues found https://blues2022.blogspot.com/2025/10/202510224kchatgpt4k8kclashv2ray.html on 2025-10-22
2025-10-29 03:15:25 [decrypt] INFO: blues found https://blues2022.blogspot.com/2025/10/202510214kchatgpt4k8kclashv2ray.html on 2025-10-21
2025-10-29 03:15:25 [decrypt] INFO: blues found https://blues2022.blogspot.com/2025/10/202510204kchatgpt4k8kclashv2ray.html on 2025-10-20
2025-10-29 03:15:25 [decrypt] INFO: blues found https://blues2022.blogspot.com/2025/10/202510194kchatgpt4k8kclashv2ray.html on 2025-10-19
2025-10-29 03:15:25 [decrypt] INFO: blues needs update, accessing https://blues2022.blogspot.com/2025/10/202510284kchatgpt4k8kclashv2ray.html
2025-10-29 03:15:25 [decrypt] INFO: blues needs update, accessing https://blues2022.blogspot.com/2025/10/202510274kchatgpt4k8kclashv2ray.html
2025-10-29 03:15:25 [decrypt] INFO: blues needs update, accessing https://blues2022.blogspot.com/2025/10/202510264kchatgpt4k8kclashv2ray.html
2025-10-29 03:15:25 [scrapy.downloadermiddlewares.retry] ERROR: Gave up retrying <GET https://www.yudou123.top/> (failed 3 times): [<twisted.python.failure.Failure twisted.internet.error.ConnectionLost: Connection to the other side was lost in a non-clean fashion: Connection lost.>]
2025-10-29 03:15:26 [scrapy.core.scraper] ERROR: Error downloading <GET https://www.yudou123.top/>
Traceback (most recent call last):
  File "/opt/hostedtoolcache/Python/3.11.14/x64/lib/python3.11/site-packages/twisted/internet/defer.py", line 1853, in _inlineCallbacks
    result = context.run(
             ^^^^^^^^^^^^
  File "/opt/hostedtoolcache/Python/3.11.14/x64/lib/python3.11/site-packages/twisted/python/failure.py", line 467, in throwExceptionIntoGenerator
    return g.throw(self.value.with_traceback(self.tb))
           ^^^^^^^^^^^^^^^^^^^^^^^^^^^^^^^^^^^^^^^^^^^
  File "/opt/hostedtoolcache/Python/3.11.14/x64/lib/python3.11/site-packages/scrapy/core/downloader/middleware.py", line 68, in process_request
    return (yield download_func(request, spider))
            ^^^^^^^^^^^^^^^^^^^^^^^^^^^^^^^^^^^^
twisted.web._newclient.ResponseNeverReceived: [<twisted.python.failure.Failure twisted.internet.error.ConnectionLost: Connection to the other side was lost in a non-clean fashion: Connection lost.>]
2025-10-29 03:15:26 [decrypt] INFO: blues found yt_url: https://youtu.be/W7spJYx4SiY
2025-10-29 03:15:26 [pytubefix.__main__] WARNING: `use_po_token` and `po_token_verifier` is deprecated and will be removed soon.
2025-10-29 03:15:26 [decrypt] ERROR: blues found yt_url error: EOF when reading a line
2025-10-29 03:17:26 [scrapy.core.scraper] ERROR: Spider error processing <GET https://blues2022.blogspot.com/2025/10/202510274kchatgpt4k8kclashv2ray.html> (referer: https://blues2022.blogspot.com)
Traceback (most recent call last):
  File "/opt/hostedtoolcache/Python/3.11.14/x64/lib/python3.11/site-packages/urllib3/connectionpool.py", line 534, in _make_request
    response = conn.getresponse()
               ^^^^^^^^^^^^^^^^^^
  File "/opt/hostedtoolcache/Python/3.11.14/x64/lib/python3.11/site-packages/urllib3/connection.py", line 565, in getresponse
    httplib_response = super().getresponse()
                       ^^^^^^^^^^^^^^^^^^^^^
  File "/opt/hostedtoolcache/Python/3.11.14/x64/lib/python3.11/http/client.py", line 1395, in getresponse
    response.begin()
  File "/opt/hostedtoolcache/Python/3.11.14/x64/lib/python3.11/http/client.py", line 325, in begin
    version, status, reason = self._read_status()
                              ^^^^^^^^^^^^^^^^^^^
  File "/opt/hostedtoolcache/Python/3.11.14/x64/lib/python3.11/http/client.py", line 286, in _read_status
    line = str(self.fp.readline(_MAXLINE + 1), "iso-8859-1")
               ^^^^^^^^^^^^^^^^^^^^^^^^^^^^^^
  File "/opt/hostedtoolcache/Python/3.11.14/x64/lib/python3.11/socket.py", line 718, in readinto
    return self._sock.recv_into(b)
           ^^^^^^^^^^^^^^^^^^^^^^^
TimeoutError: timed out

The above exception was the direct cause of the following exception:

Traceback (most recent call last):
  File "/opt/hostedtoolcache/Python/3.11.14/x64/lib/python3.11/site-packages/scrapy/utils/defer.py", line 343, in iter_errback
    yield next(it)
          ^^^^^^^^
  File "/opt/hostedtoolcache/Python/3.11.14/x64/lib/python3.11/site-packages/scrapy/utils/python.py", line 369, in __next__
    return next(self.data)
           ^^^^^^^^^^^^^^^
  File "/opt/hostedtoolcache/Python/3.11.14/x64/lib/python3.11/site-packages/scrapy/utils/python.py", line 369, in __next__
    return next(self.data)
           ^^^^^^^^^^^^^^^
  File "/opt/hostedtoolcache/Python/3.11.14/x64/lib/python3.11/site-packages/scrapy/core/spidermw.py", line 167, in process_sync
    yield from iterable
  File "/opt/hostedtoolcache/Python/3.11.14/x64/lib/python3.11/site-packages/scrapy/spidermiddlewares/base.py", line 58, in process_spider_output
    for o in result:
  File "/opt/hostedtoolcache/Python/3.11.14/x64/lib/python3.11/site-packages/scrapy/core/spidermw.py", line 167, in process_sync
    yield from iterable
  File "/opt/hostedtoolcache/Python/3.11.14/x64/lib/python3.11/site-packages/scrapy/spidermiddlewares/base.py", line 58, in process_spider_output
    for o in result:
  File "/opt/hostedtoolcache/Python/3.11.14/x64/lib/python3.11/site-packages/scrapy/core/spidermw.py", line 167, in process_sync
    yield from iterable
  File "/opt/hostedtoolcache/Python/3.11.14/x64/lib/python3.11/site-packages/scrapy/spidermiddlewares/base.py", line 58, in process_spider_output
    for o in result:
  File "/opt/hostedtoolcache/Python/3.11.14/x64/lib/python3.11/site-packages/scrapy/core/spidermw.py", line 167, in process_sync
    yield from iterable
  File "/opt/hostedtoolcache/Python/3.11.14/x64/lib/python3.11/site-packages/scrapy/spidermiddlewares/depth.py", line 59, in process_spider_output
    yield from super().process_spider_output(response, result, spider)
  File "/opt/hostedtoolcache/Python/3.11.14/x64/lib/python3.11/site-packages/scrapy/spidermiddlewares/base.py", line 58, in process_spider_output
    for o in result:
  File "/opt/hostedtoolcache/Python/3.11.14/x64/lib/python3.11/site-packages/scrapy/core/spidermw.py", line 167, in process_sync
    yield from iterable
  File "/home/runner/work/FreeNodes/FreeNodes/NodeScrapy/spiders/DecryptSpider.py", line 91, in parse_blog
    ok, msg = self._decrypt(response.url, method, pwd)
              ^^^^^^^^^^^^^^^^^^^^^^^^^^^^^^^^^^^^^^^^
  File "/home/runner/work/FreeNodes/FreeNodes/NodeScrapy/spiders/DecryptSpider.py", line 42, in _decrypt
    self.driver.get(url)
  File "/opt/hostedtoolcache/Python/3.11.14/x64/lib/python3.11/site-packages/selenium/webdriver/remote/webdriver.py", line 483, in get
    self.execute(Command.GET, {"url": url})
  File "/opt/hostedtoolcache/Python/3.11.14/x64/lib/python3.11/site-packages/selenium/webdriver/remote/webdriver.py", line 455, in execute
    response = cast(RemoteConnection, self.command_executor).execute(driver_command, params)
               ^^^^^^^^^^^^^^^^^^^^^^^^^^^^^^^^^^^^^^^^^^^^^^^^^^^^^^^^^^^^^^^^^^^^^^^^^^^^^
  File "/opt/hostedtoolcache/Python/3.11.14/x64/lib/python3.11/site-packages/selenium/webdriver/remote/remote_connection.py", line 407, in execute
    return self._request(command_info[0], url, body=data)
           ^^^^^^^^^^^^^^^^^^^^^^^^^^^^^^^^^^^^^^^^^^^^^^
  File "/opt/hostedtoolcache/Python/3.11.14/x64/lib/python3.11/site-packages/selenium/webdriver/remote/remote_connection.py", line 431, in _request
    response = self._conn.request(method, url, body=body, headers=headers, timeout=self._client_config.timeout)
               ^^^^^^^^^^^^^^^^^^^^^^^^^^^^^^^^^^^^^^^^^^^^^^^^^^^^^^^^^^^^^^^^^^^^^^^^^^^^^^^^^^^^^^^^^^^^^^^^
  File "/opt/hostedtoolcache/Python/3.11.14/x64/lib/python3.11/site-packages/urllib3/_request_methods.py", line 143, in request
    return self.request_encode_body(
           ^^^^^^^^^^^^^^^^^^^^^^^^^
  File "/opt/hostedtoolcache/Python/3.11.14/x64/lib/python3.11/site-packages/urllib3/_request_methods.py", line 278, in request_encode_body
    return self.urlopen(method, url, **extra_kw)
           ^^^^^^^^^^^^^^^^^^^^^^^^^^^^^^^^^^^^^
  File "/opt/hostedtoolcache/Python/3.11.14/x64/lib/python3.11/site-packages/urllib3/poolmanager.py", line 459, in urlopen
    response = conn.urlopen(method, u.request_uri, **kw)
               ^^^^^^^^^^^^^^^^^^^^^^^^^^^^^^^^^^^^^^^^^
  File "/opt/hostedtoolcache/Python/3.11.14/x64/lib/python3.11/site-packages/urllib3/connectionpool.py", line 841, in urlopen
    retries = retries.increment(
              ^^^^^^^^^^^^^^^^^^
  File "/opt/hostedtoolcache/Python/3.11.14/x64/lib/python3.11/site-packages/urllib3/util/retry.py", line 474, in increment
    raise reraise(type(error), error, _stacktrace)
          ^^^^^^^^^^^^^^^^^^^^^^^^^^^^^^^^^^^^^^^^
  File "/opt/hostedtoolcache/Python/3.11.14/x64/lib/python3.11/site-packages/urllib3/util/util.py", line 39, in reraise
    raise value
  File "/opt/hostedtoolcache/Python/3.11.14/x64/lib/python3.11/site-packages/urllib3/connectionpool.py", line 787, in urlopen
    response = self._make_request(
               ^^^^^^^^^^^^^^^^^^^
  File "/opt/hostedtoolcache/Python/3.11.14/x64/lib/python3.11/site-packages/urllib3/connectionpool.py", line 536, in _make_request
    self._raise_timeout(err=e, url=url, timeout_value=read_timeout)
  File "/opt/hostedtoolcache/Python/3.11.14/x64/lib/python3.11/site-packages/urllib3/connectionpool.py", line 367, in _raise_timeout
    raise ReadTimeoutError(
urllib3.exceptions.ReadTimeoutError: HTTPConnectionPool(host='localhost', port=35651): Read timed out. (read timeout=120)
2025-10-29 03:17:27 [scrapy.extensions.logstats] INFO: Crawled 4 pages (at 4 pages/min), scraped 0 items (at 0 items/min)
2025-10-29 03:17:27 [decrypt] INFO: blues found yt_url: https://youtu.be/k3oG5WsElLA
2025-10-29 03:17:27 [pytubefix.__main__] WARNING: `use_po_token` and `po_token_verifier` is deprecated and will be removed soon.
2025-10-29 03:17:27 [decrypt] ERROR: blues found yt_url error: EOF when reading a line
2025-10-29 03:19:27 [scrapy.core.scraper] ERROR: Spider error processing <GET https://blues2022.blogspot.com/2025/10/202510264kchatgpt4k8kclashv2ray.html?m=1> (referer: https://blues2022.blogspot.com)
Traceback (most recent call last):
  File "/opt/hostedtoolcache/Python/3.11.14/x64/lib/python3.11/site-packages/urllib3/connectionpool.py", line 534, in _make_request
    response = conn.getresponse()
               ^^^^^^^^^^^^^^^^^^
  File "/opt/hostedtoolcache/Python/3.11.14/x64/lib/python3.11/site-packages/urllib3/connection.py", line 565, in getresponse
    httplib_response = super().getresponse()
                       ^^^^^^^^^^^^^^^^^^^^^
  File "/opt/hostedtoolcache/Python/3.11.14/x64/lib/python3.11/http/client.py", line 1395, in getresponse
    response.begin()
  File "/opt/hostedtoolcache/Python/3.11.14/x64/lib/python3.11/http/client.py", line 325, in begin
    version, status, reason = self._read_status()
                              ^^^^^^^^^^^^^^^^^^^
  File "/opt/hostedtoolcache/Python/3.11.14/x64/lib/python3.11/http/client.py", line 286, in _read_status
    line = str(self.fp.readline(_MAXLINE + 1), "iso-8859-1")
               ^^^^^^^^^^^^^^^^^^^^^^^^^^^^^^
  File "/opt/hostedtoolcache/Python/3.11.14/x64/lib/python3.11/socket.py", line 718, in readinto
    return self._sock.recv_into(b)
           ^^^^^^^^^^^^^^^^^^^^^^^
TimeoutError: timed out

The above exception was the direct cause of the following exception:

Traceback (most recent call last):
  File "/opt/hostedtoolcache/Python/3.11.14/x64/lib/python3.11/site-packages/scrapy/utils/defer.py", line 343, in iter_errback
    yield next(it)
          ^^^^^^^^
  File "/opt/hostedtoolcache/Python/3.11.14/x64/lib/python3.11/site-packages/scrapy/utils/python.py", line 369, in __next__
    return next(self.data)
           ^^^^^^^^^^^^^^^
  File "/opt/hostedtoolcache/Python/3.11.14/x64/lib/python3.11/site-packages/scrapy/utils/python.py", line 369, in __next__
    return next(self.data)
           ^^^^^^^^^^^^^^^
  File "/opt/hostedtoolcache/Python/3.11.14/x64/lib/python3.11/site-packages/scrapy/core/spidermw.py", line 167, in process_sync
    yield from iterable
  File "/opt/hostedtoolcache/Python/3.11.14/x64/lib/python3.11/site-packages/scrapy/spidermiddlewares/base.py", line 58, in process_spider_output
    for o in result:
  File "/opt/hostedtoolcache/Python/3.11.14/x64/lib/python3.11/site-packages/scrapy/core/spidermw.py", line 167, in process_sync
    yield from iterable
  File "/opt/hostedtoolcache/Python/3.11.14/x64/lib/python3.11/site-packages/scrapy/spidermiddlewares/base.py", line 58, in process_spider_output
    for o in result:
  File "/opt/hostedtoolcache/Python/3.11.14/x64/lib/python3.11/site-packages/scrapy/core/spidermw.py", line 167, in process_sync
    yield from iterable
  File "/opt/hostedtoolcache/Python/3.11.14/x64/lib/python3.11/site-packages/scrapy/spidermiddlewares/base.py", line 58, in process_spider_output
    for o in result:
  File "/opt/hostedtoolcache/Python/3.11.14/x64/lib/python3.11/site-packages/scrapy/core/spidermw.py", line 167, in process_sync
    yield from iterable
  File "/opt/hostedtoolcache/Python/3.11.14/x64/lib/python3.11/site-packages/scrapy/spidermiddlewares/depth.py", line 59, in process_spider_output
    yield from super().process_spider_output(response, result, spider)
  File "/opt/hostedtoolcache/Python/3.11.14/x64/lib/python3.11/site-packages/scrapy/spidermiddlewares/base.py", line 58, in process_spider_output
    for o in result:
  File "/opt/hostedtoolcache/Python/3.11.14/x64/lib/python3.11/site-packages/scrapy/core/spidermw.py", line 167, in process_sync
    yield from iterable
  File "/home/runner/work/FreeNodes/FreeNodes/NodeScrapy/spiders/DecryptSpider.py", line 91, in parse_blog
    ok, msg = self._decrypt(response.url, method, pwd)
              ^^^^^^^^^^^^^^^^^^^^^^^^^^^^^^^^^^^^^^^^
  File "/home/runner/work/FreeNodes/FreeNodes/NodeScrapy/spiders/DecryptSpider.py", line 42, in _decrypt
    self.driver.get(url)
  File "/opt/hostedtoolcache/Python/3.11.14/x64/lib/python3.11/site-packages/selenium/webdriver/remote/webdriver.py", line 483, in get
    self.execute(Command.GET, {"url": url})
  File "/opt/hostedtoolcache/Python/3.11.14/x64/lib/python3.11/site-packages/selenium/webdriver/remote/webdriver.py", line 455, in execute
    response = cast(RemoteConnection, self.command_executor).execute(driver_command, params)
               ^^^^^^^^^^^^^^^^^^^^^^^^^^^^^^^^^^^^^^^^^^^^^^^^^^^^^^^^^^^^^^^^^^^^^^^^^^^^^
  File "/opt/hostedtoolcache/Python/3.11.14/x64/lib/python3.11/site-packages/selenium/webdriver/remote/remote_connection.py", line 407, in execute
    return self._request(command_info[0], url, body=data)
           ^^^^^^^^^^^^^^^^^^^^^^^^^^^^^^^^^^^^^^^^^^^^^^
  File "/opt/hostedtoolcache/Python/3.11.14/x64/lib/python3.11/site-packages/selenium/webdriver/remote/remote_connection.py", line 431, in _request
    response = self._conn.request(method, url, body=body, headers=headers, timeout=self._client_config.timeout)
               ^^^^^^^^^^^^^^^^^^^^^^^^^^^^^^^^^^^^^^^^^^^^^^^^^^^^^^^^^^^^^^^^^^^^^^^^^^^^^^^^^^^^^^^^^^^^^^^^
  File "/opt/hostedtoolcache/Python/3.11.14/x64/lib/python3.11/site-packages/urllib3/_request_methods.py", line 143, in request
    return self.request_encode_body(
           ^^^^^^^^^^^^^^^^^^^^^^^^^
  File "/opt/hostedtoolcache/Python/3.11.14/x64/lib/python3.11/site-packages/urllib3/_request_methods.py", line 278, in request_encode_body
    return self.urlopen(method, url, **extra_kw)
           ^^^^^^^^^^^^^^^^^^^^^^^^^^^^^^^^^^^^^
  File "/opt/hostedtoolcache/Python/3.11.14/x64/lib/python3.11/site-packages/urllib3/poolmanager.py", line 459, in urlopen
    response = conn.urlopen(method, u.request_uri, **kw)
               ^^^^^^^^^^^^^^^^^^^^^^^^^^^^^^^^^^^^^^^^^
  File "/opt/hostedtoolcache/Python/3.11.14/x64/lib/python3.11/site-packages/urllib3/connectionpool.py", line 841, in urlopen
    retries = retries.increment(
              ^^^^^^^^^^^^^^^^^^
  File "/opt/hostedtoolcache/Python/3.11.14/x64/lib/python3.11/site-packages/urllib3/util/retry.py", line 474, in increment
    raise reraise(type(error), error, _stacktrace)
          ^^^^^^^^^^^^^^^^^^^^^^^^^^^^^^^^^^^^^^^^
  File "/opt/hostedtoolcache/Python/3.11.14/x64/lib/python3.11/site-packages/urllib3/util/util.py", line 39, in reraise
    raise value
  File "/opt/hostedtoolcache/Python/3.11.14/x64/lib/python3.11/site-packages/urllib3/connectionpool.py", line 787, in urlopen
    response = self._make_request(
               ^^^^^^^^^^^^^^^^^^^
  File "/opt/hostedtoolcache/Python/3.11.14/x64/lib/python3.11/site-packages/urllib3/connectionpool.py", line 536, in _make_request
    self._raise_timeout(err=e, url=url, timeout_value=read_timeout)
  File "/opt/hostedtoolcache/Python/3.11.14/x64/lib/python3.11/site-packages/urllib3/connectionpool.py", line 367, in _raise_timeout
    raise ReadTimeoutError(
urllib3.exceptions.ReadTimeoutError: HTTPConnectionPool(host='localhost', port=35651): Read timed out. (read timeout=120)
2025-10-29 03:19:27 [scrapy.extensions.logstats] INFO: Crawled 5 pages (at 1 pages/min), scraped 0 items (at 0 items/min)
2025-10-29 03:19:27 [decrypt] INFO: blues found yt_url: https://youtu.be/VqIfMcVcx6M
2025-10-29 03:19:27 [pytubefix.__main__] WARNING: `use_po_token` and `po_token_verifier` is deprecated and will be removed soon.
2025-10-29 03:19:28 [decrypt] ERROR: blues found yt_url error: EOF when reading a line
2025-10-29 03:20:38 [decrypt] WARNING: blues 7755 got 密碼錯誤
2025-10-29 03:20:39 [decrypt] WARNING: blues 0000 got 密碼錯誤
2025-10-29 03:20:41 [decrypt] WARNING: blues 0011 got 密碼錯誤
2025-10-29 03:20:41 [decrypt] WARNING: blues 0022 got 密碼錯誤
2025-10-29 03:20:43 [decrypt] WARNING: blues 0033 got 密碼錯誤
2025-10-29 03:20:44 [decrypt] WARNING: blues 0044 got 密碼錯誤
2025-10-29 03:20:45 [decrypt] WARNING: blues 0055 got 密碼錯誤
2025-10-29 03:20:46 [decrypt] WARNING: blues 0066 got 密碼錯誤
2025-10-29 03:20:48 [decrypt] WARNING: blues 0077 got 密碼錯誤
2025-10-29 03:20:49 [decrypt] WARNING: blues 0088 got 密碼錯誤
2025-10-29 03:20:50 [decrypt] WARNING: blues 0099 got 密碼錯誤
2025-10-29 03:20:54 [decrypt] INFO: blues saved new password 1100
2025-10-29 03:20:54 [scrapy.extensions.logstats] INFO: Crawled 5 pages (at 0 pages/min), scraped 0 items (at 0 items/min)
2025-10-29 03:20:54 [scrapy.core.engine] INFO: Closing spider (finished)
2025-10-29 03:20:54 [scrapy.statscollectors] INFO: Dumping Scrapy stats:
{'downloader/exception_count': 6,
 'downloader/exception_type_count/twisted.web._newclient.ResponseNeverReceived': 6,
 'downloader/request_bytes': 4417,
 'downloader/request_count': 13,
 'downloader/request_method_count/GET': 13,
 'downloader/response_bytes': 167688,
 'downloader/response_count': 7,
 'downloader/response_status_count/200': 5,
 'downloader/response_status_count/302': 2,
 'elapsed_time_seconds': 328.528853,
 'finish_reason': 'finished',
 'finish_time': datetime.datetime(2025, 10, 29, 3, 20, 54, 123826, tzinfo=datetime.timezone.utc),
 'httpcompression/response_bytes': 974038,
 'httpcompression/response_count': 5,
 'items_per_minute': 0.0,
 'log_count/ERROR': 9,
 'log_count/INFO': 32,
 'log_count/WARNING': 16,
 'memusage/max': 176943104,
 'memusage/startup': 158588928,
 'request_depth_max': 1,
 'response_received_count': 5,
 'responses_per_minute': 0.9146341463414634,
 'retry/count': 4,
 'retry/max_reached': 2,
 'retry/reason_count/twisted.web._newclient.ResponseNeverReceived': 4,
 "robotstxt/exception_count/<class 'twisted.web._newclient.ResponseNeverReceived'>": 1,
 'robotstxt/request_count': 2,
 'robotstxt/response_count': 1,
 'robotstxt/response_status_count/200': 1,
 'scheduler/dequeued': 9,
 'scheduler/dequeued/memory': 9,
 'scheduler/enqueued': 9,
 'scheduler/enqueued/memory': 9,
 'spider_exceptions/ReadTimeoutError': 2,
 'spider_exceptions/count': 2,
 'start_time': datetime.datetime(2025, 10, 29, 3, 15, 25, 594973, tzinfo=datetime.timezone.utc)}
2025-10-29 03:20:54 [scrapy.core.engine] INFO: Spider closed (finished)
