2026-01-20 14:29:11 [scrapy.middleware] INFO: Enabled downloader middlewares:
['scrapy.downloadermiddlewares.offsite.OffsiteMiddleware',
 'scrapy.downloadermiddlewares.robotstxt.RobotsTxtMiddleware',
 'scrapy.downloadermiddlewares.httpauth.HttpAuthMiddleware',
 'scrapy.downloadermiddlewares.downloadtimeout.DownloadTimeoutMiddleware',
 'scrapy.downloadermiddlewares.defaultheaders.DefaultHeadersMiddleware',
 'NodeScrapy.middlewares.RandomUserAgentMiddleware',
 'scrapy.downloadermiddlewares.useragent.UserAgentMiddleware',
 'scrapy.downloadermiddlewares.retry.RetryMiddleware',
 'scrapy.downloadermiddlewares.redirect.MetaRefreshMiddleware',
 'scrapy.downloadermiddlewares.httpcompression.HttpCompressionMiddleware',
 'scrapy.downloadermiddlewares.redirect.RedirectMiddleware',
 'scrapy.downloadermiddlewares.cookies.CookiesMiddleware',
 'scrapy.downloadermiddlewares.httpproxy.HttpProxyMiddleware',
 'scrapy.downloadermiddlewares.stats.DownloaderStats']
2026-01-20 14:29:11 [py.warnings] WARNING: /opt/hostedtoolcache/Python/3.11.14/x64/lib/python3.11/site-packages/scrapy/core/downloader/middleware.py:44: ScrapyDeprecationWarning: RandomUserAgentMiddleware.process_request() requires a spider argument, this is deprecated and the argument will not be passed in future Scrapy versions. If you need to access the spider instance you can save the crawler instance passed to from_crawler() and use its spider attribute.
  self._check_mw_method_spider_arg(mw.process_request)

2026-01-20 14:29:11 [scrapy.middleware] INFO: Enabled spider middlewares:
['scrapy.spidermiddlewares.start.StartSpiderMiddleware',
 'scrapy.spidermiddlewares.httperror.HttpErrorMiddleware',
 'scrapy.spidermiddlewares.referer.RefererMiddleware',
 'scrapy.spidermiddlewares.urllength.UrlLengthMiddleware',
 'scrapy.spidermiddlewares.depth.DepthMiddleware']
2026-01-20 14:29:11 [scrapy.middleware] INFO: Enabled item pipelines:
['NodeScrapy.pipelines.Pipeline']
2026-01-20 14:29:11 [py.warnings] WARNING: /opt/hostedtoolcache/Python/3.11.14/x64/lib/python3.11/site-packages/scrapy/pipelines/__init__.py:41: ScrapyDeprecationWarning: Pipeline.open_spider() requires a spider argument, this is deprecated and the argument will not be passed in future Scrapy versions. If you need to access the spider instance you can save the crawler instance passed to from_crawler() and use its spider attribute.
  self._check_mw_method_spider_arg(pipe.open_spider)

2026-01-20 14:29:11 [py.warnings] WARNING: /opt/hostedtoolcache/Python/3.11.14/x64/lib/python3.11/site-packages/scrapy/pipelines/__init__.py:44: ScrapyDeprecationWarning: Pipeline.close_spider() requires a spider argument, this is deprecated and the argument will not be passed in future Scrapy versions. If you need to access the spider instance you can save the crawler instance passed to from_crawler() and use its spider attribute.
  self._check_mw_method_spider_arg(pipe.close_spider)

2026-01-20 14:29:11 [py.warnings] WARNING: /opt/hostedtoolcache/Python/3.11.14/x64/lib/python3.11/site-packages/scrapy/pipelines/__init__.py:47: ScrapyDeprecationWarning: Pipeline.process_item() requires a spider argument, this is deprecated and the argument will not be passed in future Scrapy versions. If you need to access the spider instance you can save the crawler instance passed to from_crawler() and use its spider attribute.
  self._check_mw_method_spider_arg(pipe.process_item)

2026-01-20 14:29:11 [scrapy.core.engine] INFO: Spider opened
2026-01-20 14:29:11 [py.warnings] WARNING: /opt/hostedtoolcache/Python/3.11.14/x64/lib/python3.11/site-packages/scrapy/core/spidermw.py:490: ScrapyDeprecationWarning: NodeScrapy.spiders.SimpleSpider.SimpleSpider defines the deprecated start_requests() method. start_requests() has been deprecated in favor of a new method, start(), to support asynchronous code execution. start_requests() will stop being called in a future version of Scrapy. If you use Scrapy 2.13 or higher only, replace start_requests() with start(); note that start() is a coroutine (async def). If you need to maintain compatibility with lower Scrapy versions, when overriding start_requests() in a spider class, override start() as well; you can use super() to reuse the inherited start() implementation without copy-pasting. See the release notes of Scrapy 2.13 for details: https://docs.scrapy.org/en/2.13/news.html
  warn(

2026-01-20 14:29:11 [scrapy.extensions.logstats] INFO: Crawled 0 pages (at 0 pages/min), scraped 0 items (at 0 items/min)
2026-01-20 14:29:11 [scrapy.extensions.telnet] INFO: Telnet console listening on 127.0.0.1:6023
2026-01-20 14:29:11 [simple] INFO: clashmeta start
2026-01-20 14:29:11 [simple] INFO: ndnode start
2026-01-20 14:29:11 [simple] INFO: nodev2ray start
2026-01-20 14:29:11 [simple] INFO: nodefree start
2026-01-20 14:29:11 [simple] INFO: v2rayshare start
2026-01-20 14:29:11 [simple] INFO: wenode start
2026-01-20 14:29:12 [simple] INFO: clashmeta found /free-nodes/2026-1-15-free-node-subscribe.htm on 2026-01-15
2026-01-20 14:29:12 [simple] INFO: clashmeta found /free-nodes/2026-1-15-free-node-subscribe.htm on 2026-01-15
2026-01-20 14:29:12 [simple] INFO: clashmeta found /free-nodes/2026-1-14-today-clash-meta-node.htm on 2026-01-14
2026-01-20 14:29:12 [simple] INFO: clashmeta found /free-nodes/2026-1-14-today-clash-meta-node.htm on 2026-01-14
2026-01-20 14:29:12 [simple] INFO: clashmeta found /free-nodes/2026-1-12-free-high-speed-nodes.htm on 2026-01-12
2026-01-20 14:29:12 [simple] INFO: clashmeta found /free-nodes/2026-1-12-free-high-speed-nodes.htm on 2026-01-12
2026-01-20 14:29:12 [simple] INFO: clashmeta found /free-nodes/2026-1-11-clash-meta-github.htm on 2026-01-11
2026-01-20 14:29:12 [simple] INFO: clashmeta found /free-nodes/2026-1-11-clash-meta-github.htm on 2026-01-11
2026-01-20 14:29:12 [simple] INFO: clashmeta found /free-nodes/2026-1-10-clash-meta-node-github.htm on 2026-01-10
2026-01-20 14:29:12 [simple] INFO: clashmeta found /free-nodes/2026-1-10-clash-meta-node-github.htm on 2026-01-10
2026-01-20 14:29:12 [simple] INFO: clashmeta found /free-nodes/2026-1-9-free-high-speed-nodes.htm on 2026-01-09
2026-01-20 14:29:12 [simple] INFO: clashmeta found /free-nodes/2026-1-9-free-high-speed-nodes.htm on 2026-01-09
2026-01-20 14:29:12 [simple] INFO: clashmeta found /free-nodes/2026-1-8-free-subscribe-node.htm on 2026-01-08
2026-01-20 14:29:12 [simple] INFO: clashmeta found /free-nodes/2026-1-8-free-subscribe-node.htm on 2026-01-08
2026-01-20 14:29:12 [simple] INFO: clashmeta found /free-nodes/2026-1-7-clash-meta-node.htm on 2026-01-07
2026-01-20 14:29:12 [simple] INFO: clashmeta found /free-nodes/2026-1-7-clash-meta-node.htm on 2026-01-07
2026-01-20 14:29:12 [simple] INFO: clashmeta found /free-nodes/2026-1-6-clash-meta-github.htm on 2026-01-06
2026-01-20 14:29:12 [simple] INFO: clashmeta found /free-nodes/2026-1-6-clash-meta-github.htm on 2026-01-06
2026-01-20 14:29:12 [simple] INFO: clashmeta found /free-nodes/2026-1-5-free-node-subscribe.htm on 2026-01-05
2026-01-20 14:29:12 [simple] INFO: clashmeta found /free-nodes/2026-1-5-free-node-subscribe.htm on 2026-01-05
2026-01-20 14:29:12 [simple] INFO: clashmeta is up to date, exiting
2026-01-20 14:29:12 [simple] INFO: clashmeta is up to date, exiting
2026-01-20 14:29:12 [simple] INFO: clashmeta is up to date, exiting
2026-01-20 14:29:12 [simple] INFO: nodev2ray found /free-node/2026-1-20-free-v2ray-subscribe.htm on 2026-01-20
2026-01-20 14:29:12 [simple] INFO: nodev2ray found /free-node/2026-1-19-free-v2ray-subscribe.htm on 2026-01-19
2026-01-20 14:29:12 [simple] INFO: nodev2ray found /free-node/2026-1-18-node-share.htm on 2026-01-18
2026-01-20 14:29:12 [simple] INFO: nodev2ray found /free-node/2026-1-17-free-ssr-subscribe.htm on 2026-01-17
2026-01-20 14:29:12 [simple] INFO: nodev2ray found /free-node/2026-1-16-free-node-subscribe.htm on 2026-01-16
2026-01-20 14:29:12 [simple] INFO: nodev2ray found /free-node/2026-1-15-clash-v2ray-ss-ssr.htm on 2026-01-15
2026-01-20 14:29:12 [simple] INFO: nodev2ray found /free-node/2026-1-14-free-subscribe-node.htm on 2026-01-14
2026-01-20 14:29:12 [simple] INFO: nodev2ray found /free-node/2026-1-13-clash-v2ray-ss-ssr.htm on 2026-01-13
2026-01-20 14:29:12 [simple] INFO: nodev2ray found /free-node/2026-1-12-free-high-speed-nodes.htm on 2026-01-12
2026-01-20 14:29:12 [simple] INFO: nodev2ray found /free-node/2026-1-11-free-node-subscribe-links.htm on 2026-01-11
2026-01-20 14:29:12 [simple] INFO: nodev2ray is up to date, exiting
2026-01-20 14:29:12 [simple] INFO: nodev2ray is up to date, exiting
2026-01-20 14:29:12 [simple] INFO: nodev2ray is up to date, exiting
2026-01-20 14:29:12 [simple] INFO: ndnode found https://www.naidounode.com/n/3511.html on 2026-01-20
2026-01-20 14:29:12 [simple] INFO: ndnode found https://www.naidounode.com/n/3509.html on 2026-01-19
2026-01-20 14:29:12 [simple] INFO: ndnode found https://www.naidounode.com/n/3507.html on 2026-01-18
2026-01-20 14:29:12 [simple] INFO: ndnode found https://www.naidounode.com/n/3505.html on 2026-01-17
2026-01-20 14:29:12 [simple] INFO: ndnode found https://www.naidounode.com/n/3503.html on 2026-01-16
2026-01-20 14:29:12 [simple] INFO: ndnode found https://www.naidounode.com/n/3501.html on 2026-01-15
2026-01-20 14:29:12 [simple] INFO: ndnode found https://www.naidounode.com/n/3499.html on 2026-01-14
2026-01-20 14:29:12 [simple] INFO: ndnode found https://www.naidounode.com/n/3497.html on 2026-01-13
2026-01-20 14:29:12 [simple] INFO: ndnode found https://www.naidounode.com/n/3495.html on 2026-01-12
2026-01-20 14:29:12 [simple] INFO: ndnode found https://www.naidounode.com/n/3493.html on 2026-01-11
2026-01-20 14:29:12 [simple] INFO: ndnode is up to date, exiting
2026-01-20 14:29:12 [simple] INFO: ndnode is up to date, exiting
2026-01-20 14:29:12 [simple] INFO: ndnode is up to date, exiting
2026-01-20 14:29:12 [simple] INFO: v2rayshare found https://v2rayshare.net/p/5303.html on 2026-01-20
2026-01-20 14:29:12 [simple] INFO: v2rayshare found https://v2rayshare.net/p/5304.html on 2026-01-19
2026-01-20 14:29:12 [simple] INFO: v2rayshare found https://v2rayshare.net/p/5305.html on 2026-01-18
2026-01-20 14:29:12 [simple] INFO: v2rayshare found https://v2rayshare.net/p/5306.html on 2026-01-17
2026-01-20 14:29:12 [simple] INFO: v2rayshare found https://v2rayshare.net/p/5307.html on 2026-01-16
2026-01-20 14:29:12 [simple] INFO: v2rayshare found https://v2rayshare.net/p/5308.html on 2026-01-15
2026-01-20 14:29:12 [simple] INFO: v2rayshare found https://v2rayshare.net/p/5309.html on 2026-01-14
2026-01-20 14:29:12 [simple] INFO: v2rayshare found https://v2rayshare.net/p/5310.html on 2026-01-13
2026-01-20 14:29:12 [simple] INFO: v2rayshare found https://v2rayshare.net/p/5311.html on 2026-01-12
2026-01-20 14:29:12 [simple] INFO: v2rayshare found https://v2rayshare.net/p/5312.html on 2026-01-11
2026-01-20 14:29:12 [simple] INFO: v2rayshare is up to date, exiting
2026-01-20 14:29:12 [simple] INFO: v2rayshare is up to date, exiting
2026-01-20 14:29:12 [simple] INFO: v2rayshare is up to date, exiting
2026-01-20 14:29:13 [simple] INFO: wenode found https://oneclash.cc/a/3532.html on 2026-01-20
2026-01-20 14:29:13 [simple] INFO: wenode found https://oneclash.cc/a/3533.html on 2026-01-19
2026-01-20 14:29:13 [simple] INFO: wenode found https://oneclash.cc/a/3534.html on 2026-01-18
2026-01-20 14:29:13 [simple] INFO: wenode found https://oneclash.cc/a/3535.html on 2026-01-17
2026-01-20 14:29:13 [simple] INFO: wenode found https://oneclash.cc/a/3536.html on 2026-01-16
2026-01-20 14:29:13 [simple] INFO: wenode found https://oneclash.cc/a/3537.html on 2026-01-15
2026-01-20 14:29:13 [simple] INFO: wenode found https://oneclash.cc/a/3538.html on 2026-01-14
2026-01-20 14:29:13 [simple] INFO: wenode found https://oneclash.cc/a/3539.html on 2026-01-13
2026-01-20 14:29:13 [simple] INFO: wenode found https://oneclash.cc/a/3540.html on 2026-01-12
2026-01-20 14:29:13 [simple] INFO: wenode found https://oneclash.cc/a/3541.html on 2026-01-11
2026-01-20 14:29:13 [simple] INFO: wenode is up to date, exiting
2026-01-20 14:29:13 [simple] INFO: wenode is up to date, exiting
2026-01-20 14:29:13 [simple] INFO: wenode is up to date, exiting
2026-01-20 14:29:13 [simple] INFO: nodefree found https://nodefree.me/p/3901.html on 2026-01-19
2026-01-20 14:29:13 [simple] INFO: nodefree found https://nodefree.me/p/3902.html on 2026-01-18
2026-01-20 14:29:13 [simple] INFO: nodefree found https://nodefree.me/p/3903.html on 2026-01-17
2026-01-20 14:29:13 [simple] INFO: nodefree found https://nodefree.me/p/3904.html on 2026-01-16
2026-01-20 14:29:13 [simple] INFO: nodefree found https://nodefree.me/p/3905.html on 2026-01-15
2026-01-20 14:29:13 [simple] INFO: nodefree found https://nodefree.me/p/3906.html on 2026-01-14
2026-01-20 14:29:13 [simple] INFO: nodefree found https://nodefree.me/p/3907.html on 2026-01-13
2026-01-20 14:29:13 [simple] INFO: nodefree found https://nodefree.me/p/3908.html on 2026-01-12
2026-01-20 14:29:13 [simple] INFO: nodefree found https://nodefree.me/p/3909.html on 2026-01-11
2026-01-20 14:29:13 [simple] INFO: nodefree found https://nodefree.me/p/3910.html on 2026-01-10
2026-01-20 14:29:13 [simple] INFO: nodefree is up to date, exiting
2026-01-20 14:29:13 [simple] INFO: nodefree is up to date, exiting
2026-01-20 14:29:13 [simple] INFO: nodefree is up to date, exiting
2026-01-20 14:29:13 [scrapy.core.engine] INFO: Closing spider (finished)
2026-01-20 14:29:13 [scrapy.statscollectors] INFO: Dumping Scrapy stats:
{'downloader/request_bytes': 7140,
 'downloader/request_count': 22,
 'downloader/request_method_count/GET': 22,
 'downloader/response_bytes': 93798,
 'downloader/response_count': 22,
 'downloader/response_status_count/200': 10,
 'downloader/response_status_count/301': 8,
 'downloader/response_status_count/404': 4,
 'elapsed_time_seconds': 1.740905,
 'finish_reason': 'finished',
 'finish_time': datetime.datetime(2026, 1, 20, 14, 29, 13, 258494, tzinfo=datetime.timezone.utc),
 'httpcompression/response_bytes': 443750,
 'httpcompression/response_count': 13,
 'items_per_minute': 0.0,
 'log_count/INFO': 97,
 'memusage/max': 154062848,
 'memusage/startup': 154062848,
 'response_received_count': 14,
 'responses_per_minute': 840.0,
 'robotstxt/request_count': 8,
 'robotstxt/response_count': 8,
 'robotstxt/response_status_count/200': 4,
 'robotstxt/response_status_count/404': 4,
 'scheduler/dequeued': 9,
 'scheduler/dequeued/memory': 9,
 'scheduler/enqueued': 9,
 'scheduler/enqueued/memory': 9,
 'start_time': datetime.datetime(2026, 1, 20, 14, 29, 11, 517589, tzinfo=datetime.timezone.utc)}
2026-01-20 14:29:13 [scrapy.core.engine] INFO: Spider closed (finished)
2026-01-20 14:30:19 [scrapy.addons] INFO: Enabled addons:
[]
2026-01-20 14:30:19 [scrapy.extensions.telnet] INFO: Telnet Password: c3437b2153a39013
2026-01-20 14:30:19 [scrapy.middleware] INFO: Enabled extensions:
['scrapy.extensions.corestats.CoreStats',
 'scrapy.extensions.logcount.LogCount',
 'scrapy.extensions.telnet.TelnetConsole',
 'scrapy.extensions.memusage.MemoryUsage',
 'scrapy.extensions.logstats.LogStats']
2026-01-20 14:30:19 [scrapy.crawler] INFO: Overridden settings:
{'BOT_NAME': 'NodeScrapy',
 'FEED_EXPORT_ENCODING': 'utf-8',
 'LOG_FILE': 'scrapy.log',
 'LOG_LEVEL': 'INFO',
 'NEWSPIDER_MODULE': 'NodeScrapy.spiders',
 'ROBOTSTXT_OBEY': True,
 'SPIDER_MODULES': ['NodeScrapy.spiders']}
2026-01-20 14:30:19 [scrapy.middleware] INFO: Enabled downloader middlewares:
['scrapy.downloadermiddlewares.offsite.OffsiteMiddleware',
 'scrapy.downloadermiddlewares.robotstxt.RobotsTxtMiddleware',
 'scrapy.downloadermiddlewares.httpauth.HttpAuthMiddleware',
 'scrapy.downloadermiddlewares.downloadtimeout.DownloadTimeoutMiddleware',
 'scrapy.downloadermiddlewares.defaultheaders.DefaultHeadersMiddleware',
 'NodeScrapy.middlewares.RandomUserAgentMiddleware',
 'scrapy.downloadermiddlewares.useragent.UserAgentMiddleware',
 'scrapy.downloadermiddlewares.retry.RetryMiddleware',
 'scrapy.downloadermiddlewares.redirect.MetaRefreshMiddleware',
 'scrapy.downloadermiddlewares.httpcompression.HttpCompressionMiddleware',
 'scrapy.downloadermiddlewares.redirect.RedirectMiddleware',
 'scrapy.downloadermiddlewares.cookies.CookiesMiddleware',
 'scrapy.downloadermiddlewares.httpproxy.HttpProxyMiddleware',
 'scrapy.downloadermiddlewares.stats.DownloaderStats']
2026-01-20 14:30:19 [py.warnings] WARNING: /opt/hostedtoolcache/Python/3.11.14/x64/lib/python3.11/site-packages/scrapy/core/downloader/middleware.py:44: ScrapyDeprecationWarning: RandomUserAgentMiddleware.process_request() requires a spider argument, this is deprecated and the argument will not be passed in future Scrapy versions. If you need to access the spider instance you can save the crawler instance passed to from_crawler() and use its spider attribute.
  self._check_mw_method_spider_arg(mw.process_request)

2026-01-20 14:30:19 [scrapy.middleware] INFO: Enabled spider middlewares:
['scrapy.spidermiddlewares.start.StartSpiderMiddleware',
 'scrapy.spidermiddlewares.httperror.HttpErrorMiddleware',
 'scrapy.spidermiddlewares.referer.RefererMiddleware',
 'scrapy.spidermiddlewares.urllength.UrlLengthMiddleware',
 'scrapy.spidermiddlewares.depth.DepthMiddleware']
2026-01-20 14:30:19 [scrapy.middleware] INFO: Enabled item pipelines:
['NodeScrapy.pipelines.Pipeline']
2026-01-20 14:30:19 [py.warnings] WARNING: /opt/hostedtoolcache/Python/3.11.14/x64/lib/python3.11/site-packages/scrapy/pipelines/__init__.py:41: ScrapyDeprecationWarning: Pipeline.open_spider() requires a spider argument, this is deprecated and the argument will not be passed in future Scrapy versions. If you need to access the spider instance you can save the crawler instance passed to from_crawler() and use its spider attribute.
  self._check_mw_method_spider_arg(pipe.open_spider)

2026-01-20 14:30:19 [py.warnings] WARNING: /opt/hostedtoolcache/Python/3.11.14/x64/lib/python3.11/site-packages/scrapy/pipelines/__init__.py:44: ScrapyDeprecationWarning: Pipeline.close_spider() requires a spider argument, this is deprecated and the argument will not be passed in future Scrapy versions. If you need to access the spider instance you can save the crawler instance passed to from_crawler() and use its spider attribute.
  self._check_mw_method_spider_arg(pipe.close_spider)

2026-01-20 14:30:19 [py.warnings] WARNING: /opt/hostedtoolcache/Python/3.11.14/x64/lib/python3.11/site-packages/scrapy/pipelines/__init__.py:47: ScrapyDeprecationWarning: Pipeline.process_item() requires a spider argument, this is deprecated and the argument will not be passed in future Scrapy versions. If you need to access the spider instance you can save the crawler instance passed to from_crawler() and use its spider attribute.
  self._check_mw_method_spider_arg(pipe.process_item)

2026-01-20 14:30:19 [scrapy.core.engine] INFO: Spider opened
2026-01-20 14:30:19 [py.warnings] WARNING: /opt/hostedtoolcache/Python/3.11.14/x64/lib/python3.11/site-packages/scrapy/core/spidermw.py:490: ScrapyDeprecationWarning: NodeScrapy.spiders.SimpleSpider.SimpleSpider (inherited by NodeScrapy.spiders.DecryptSpider.DecryptSpider) defines the deprecated start_requests() method. start_requests() has been deprecated in favor of a new method, start(), to support asynchronous code execution. start_requests() will stop being called in a future version of Scrapy. If you use Scrapy 2.13 or higher only, replace start_requests() with start(); note that start() is a coroutine (async def). If you need to maintain compatibility with lower Scrapy versions, when overriding start_requests() in a spider class, override start() as well; you can use super() to reuse the inherited start() implementation without copy-pasting. See the release notes of Scrapy 2.13 for details: https://docs.scrapy.org/en/2.13/news.html
  warn(

2026-01-20 14:30:19 [scrapy.extensions.logstats] INFO: Crawled 0 pages (at 0 pages/min), scraped 0 items (at 0 items/min)
2026-01-20 14:30:19 [scrapy.extensions.telnet] INFO: Telnet console listening on 127.0.0.1:6023
2026-01-20 14:30:19 [decrypt] INFO: yudou66 start
2026-01-20 14:30:19 [decrypt] INFO: blues start
2026-01-20 14:30:19 [decrypt] INFO: blues found https://blues2022.blogspot.com/2026/01/20261204kchatgpt4k8kclashv2ray.html on 2026-01-20
2026-01-20 14:30:19 [decrypt] INFO: blues found https://blues2022.blogspot.com/2026/01/20261194kchatgpt4k8kclashv2ray.html on 2026-01-19
2026-01-20 14:30:19 [decrypt] INFO: blues found https://blues2022.blogspot.com/2026/01/20261184kchatgpt4k8kclashv2ray.html on 2026-01-18
2026-01-20 14:30:19 [decrypt] INFO: blues found https://blues2022.blogspot.com/2026/01/20261174kchatgpt4k8kclashv2ray.html on 2026-01-17
2026-01-20 14:30:19 [decrypt] INFO: blues found https://blues2022.blogspot.com/2026/01/20261164kchatgpt4k8kclashv2ray.html on 2026-01-16
2026-01-20 14:30:19 [decrypt] INFO: blues found https://blues2022.blogspot.com/2026/01/20261154kchatgpt4k8kclashv2ray.html on 2026-01-15
2026-01-20 14:30:19 [decrypt] INFO: blues found https://blues2022.blogspot.com/2026/01/20261144kchatgpt4k8kclashv2ray.html on 2026-01-14
2026-01-20 14:30:19 [decrypt] INFO: blues found https://blues2022.blogspot.com/2026/01/20261134kchatgpt4k8kclashv2ray.html on 2026-01-13
2026-01-20 14:30:19 [decrypt] INFO: blues found https://blues2022.blogspot.com/2026/01/20261124kchatgpt4k8kclashv2ray.html on 2026-01-12
2026-01-20 14:30:19 [decrypt] INFO: blues found https://blues2022.blogspot.com/2026/01/20261114kchatgpt4k8kclashv2ray.html on 2026-01-11
2026-01-20 14:30:19 [decrypt] INFO: blues needs update, accessing https://blues2022.blogspot.com/2026/01/20261204kchatgpt4k8kclashv2ray.html
2026-01-20 14:30:19 [decrypt] INFO: blues needs update, accessing https://blues2022.blogspot.com/2026/01/20261194kchatgpt4k8kclashv2ray.html
2026-01-20 14:30:19 [decrypt] INFO: blues needs update, accessing https://blues2022.blogspot.com/2026/01/20261184kchatgpt4k8kclashv2ray.html
2026-01-20 14:30:19 [decrypt] INFO: blues found yt_url: https://youtu.be/wfMFZi7XWbQ
2026-01-20 14:30:19 [pytubefix.__main__] WARNING: `use_po_token` and `po_token_verifier` is deprecated and will be removed soon.
2026-01-20 14:30:20 [decrypt] ERROR: blues found yt_url error: EOF when reading a line
2026-01-20 14:32:20 [scrapy.core.scraper] ERROR: Spider error processing <GET https://blues2022.blogspot.com/2026/01/20261184kchatgpt4k8kclashv2ray.html> (referer: https://blues2022.blogspot.com/?m=1)
Traceback (most recent call last):
  File "/opt/hostedtoolcache/Python/3.11.14/x64/lib/python3.11/site-packages/urllib3/connectionpool.py", line 534, in _make_request
    response = conn.getresponse()
               ^^^^^^^^^^^^^^^^^^
  File "/opt/hostedtoolcache/Python/3.11.14/x64/lib/python3.11/site-packages/urllib3/connection.py", line 571, in getresponse
    httplib_response = super().getresponse()
                       ^^^^^^^^^^^^^^^^^^^^^
  File "/opt/hostedtoolcache/Python/3.11.14/x64/lib/python3.11/http/client.py", line 1395, in getresponse
    response.begin()
  File "/opt/hostedtoolcache/Python/3.11.14/x64/lib/python3.11/http/client.py", line 325, in begin
    version, status, reason = self._read_status()
                              ^^^^^^^^^^^^^^^^^^^
  File "/opt/hostedtoolcache/Python/3.11.14/x64/lib/python3.11/http/client.py", line 286, in _read_status
    line = str(self.fp.readline(_MAXLINE + 1), "iso-8859-1")
               ^^^^^^^^^^^^^^^^^^^^^^^^^^^^^^
  File "/opt/hostedtoolcache/Python/3.11.14/x64/lib/python3.11/socket.py", line 718, in readinto
    return self._sock.recv_into(b)
           ^^^^^^^^^^^^^^^^^^^^^^^
TimeoutError: timed out

The above exception was the direct cause of the following exception:

Traceback (most recent call last):
  File "/opt/hostedtoolcache/Python/3.11.14/x64/lib/python3.11/site-packages/scrapy/utils/defer.py", line 355, in iter_errback
    yield next(it)
          ^^^^^^^^
  File "/opt/hostedtoolcache/Python/3.11.14/x64/lib/python3.11/site-packages/scrapy/utils/python.py", line 311, in __next__
    return next(self.data)
           ^^^^^^^^^^^^^^^
  File "/opt/hostedtoolcache/Python/3.11.14/x64/lib/python3.11/site-packages/scrapy/utils/python.py", line 311, in __next__
    return next(self.data)
           ^^^^^^^^^^^^^^^
  File "/opt/hostedtoolcache/Python/3.11.14/x64/lib/python3.11/site-packages/scrapy/core/spidermw.py", line 183, in process_sync
    self._process_spider_exception(
  File "/opt/hostedtoolcache/Python/3.11.14/x64/lib/python3.11/site-packages/scrapy/core/spidermw.py", line 256, in _process_spider_exception
    raise exception
  File "/opt/hostedtoolcache/Python/3.11.14/x64/lib/python3.11/site-packages/scrapy/core/spidermw.py", line 179, in process_sync
    yield from iterable
  File "/opt/hostedtoolcache/Python/3.11.14/x64/lib/python3.11/site-packages/scrapy/spidermiddlewares/base.py", line 60, in process_spider_output
    for o in result:
  File "/opt/hostedtoolcache/Python/3.11.14/x64/lib/python3.11/site-packages/scrapy/core/spidermw.py", line 183, in process_sync
    self._process_spider_exception(
  File "/opt/hostedtoolcache/Python/3.11.14/x64/lib/python3.11/site-packages/scrapy/core/spidermw.py", line 256, in _process_spider_exception
    raise exception
  File "/opt/hostedtoolcache/Python/3.11.14/x64/lib/python3.11/site-packages/scrapy/core/spidermw.py", line 179, in process_sync
    yield from iterable
  File "/opt/hostedtoolcache/Python/3.11.14/x64/lib/python3.11/site-packages/scrapy/spidermiddlewares/base.py", line 60, in process_spider_output
    for o in result:
  File "/opt/hostedtoolcache/Python/3.11.14/x64/lib/python3.11/site-packages/scrapy/core/spidermw.py", line 183, in process_sync
    self._process_spider_exception(
  File "/opt/hostedtoolcache/Python/3.11.14/x64/lib/python3.11/site-packages/scrapy/core/spidermw.py", line 256, in _process_spider_exception
    raise exception
  File "/opt/hostedtoolcache/Python/3.11.14/x64/lib/python3.11/site-packages/scrapy/core/spidermw.py", line 179, in process_sync
    yield from iterable
  File "/opt/hostedtoolcache/Python/3.11.14/x64/lib/python3.11/site-packages/scrapy/spidermiddlewares/base.py", line 60, in process_spider_output
    for o in result:
  File "/opt/hostedtoolcache/Python/3.11.14/x64/lib/python3.11/site-packages/scrapy/core/spidermw.py", line 183, in process_sync
    self._process_spider_exception(
  File "/opt/hostedtoolcache/Python/3.11.14/x64/lib/python3.11/site-packages/scrapy/core/spidermw.py", line 256, in _process_spider_exception
    raise exception
  File "/opt/hostedtoolcache/Python/3.11.14/x64/lib/python3.11/site-packages/scrapy/core/spidermw.py", line 179, in process_sync
    yield from iterable
  File "/opt/hostedtoolcache/Python/3.11.14/x64/lib/python3.11/site-packages/scrapy/spidermiddlewares/depth.py", line 61, in process_spider_output
    yield from super().process_spider_output(response, result)
  File "/opt/hostedtoolcache/Python/3.11.14/x64/lib/python3.11/site-packages/scrapy/spidermiddlewares/base.py", line 60, in process_spider_output
    for o in result:
  File "/opt/hostedtoolcache/Python/3.11.14/x64/lib/python3.11/site-packages/scrapy/core/spidermw.py", line 183, in process_sync
    self._process_spider_exception(
  File "/opt/hostedtoolcache/Python/3.11.14/x64/lib/python3.11/site-packages/scrapy/core/spidermw.py", line 256, in _process_spider_exception
    raise exception
  File "/opt/hostedtoolcache/Python/3.11.14/x64/lib/python3.11/site-packages/scrapy/core/spidermw.py", line 179, in process_sync
    yield from iterable
  File "/home/runner/work/FreeNodes/FreeNodes/NodeScrapy/spiders/DecryptSpider.py", line 91, in parse_blog
    ok, msg = self._decrypt(response.url, method, pwd)
              ^^^^^^^^^^^^^^^^^^^^^^^^^^^^^^^^^^^^^^^^
  File "/home/runner/work/FreeNodes/FreeNodes/NodeScrapy/spiders/DecryptSpider.py", line 42, in _decrypt
    self.driver.get(url)
  File "/opt/hostedtoolcache/Python/3.11.14/x64/lib/python3.11/site-packages/selenium/webdriver/remote/webdriver.py", line 452, in get
    self.execute(Command.GET, {"url": url})
  File "/opt/hostedtoolcache/Python/3.11.14/x64/lib/python3.11/site-packages/selenium/webdriver/remote/webdriver.py", line 429, in execute
    response = cast(RemoteConnection, self.command_executor).execute(driver_command, params)
               ^^^^^^^^^^^^^^^^^^^^^^^^^^^^^^^^^^^^^^^^^^^^^^^^^^^^^^^^^^^^^^^^^^^^^^^^^^^^^
  File "/opt/hostedtoolcache/Python/3.11.14/x64/lib/python3.11/site-packages/selenium/webdriver/remote/remote_connection.py", line 406, in execute
    return self._request(command_info[0], url, body=data)
           ^^^^^^^^^^^^^^^^^^^^^^^^^^^^^^^^^^^^^^^^^^^^^^
  File "/opt/hostedtoolcache/Python/3.11.14/x64/lib/python3.11/site-packages/selenium/webdriver/remote/remote_connection.py", line 430, in _request
    response = self._conn.request(method, url, body=body, headers=headers, timeout=self._client_config.timeout)
               ^^^^^^^^^^^^^^^^^^^^^^^^^^^^^^^^^^^^^^^^^^^^^^^^^^^^^^^^^^^^^^^^^^^^^^^^^^^^^^^^^^^^^^^^^^^^^^^^
  File "/opt/hostedtoolcache/Python/3.11.14/x64/lib/python3.11/site-packages/urllib3/_request_methods.py", line 143, in request
    return self.request_encode_body(
           ^^^^^^^^^^^^^^^^^^^^^^^^^
  File "/opt/hostedtoolcache/Python/3.11.14/x64/lib/python3.11/site-packages/urllib3/_request_methods.py", line 278, in request_encode_body
    return self.urlopen(method, url, **extra_kw)
           ^^^^^^^^^^^^^^^^^^^^^^^^^^^^^^^^^^^^^
  File "/opt/hostedtoolcache/Python/3.11.14/x64/lib/python3.11/site-packages/urllib3/poolmanager.py", line 457, in urlopen
    response = conn.urlopen(method, u.request_uri, **kw)
               ^^^^^^^^^^^^^^^^^^^^^^^^^^^^^^^^^^^^^^^^^
  File "/opt/hostedtoolcache/Python/3.11.14/x64/lib/python3.11/site-packages/urllib3/connectionpool.py", line 841, in urlopen
    retries = retries.increment(
              ^^^^^^^^^^^^^^^^^^
  File "/opt/hostedtoolcache/Python/3.11.14/x64/lib/python3.11/site-packages/urllib3/util/retry.py", line 490, in increment
    raise reraise(type(error), error, _stacktrace)
          ^^^^^^^^^^^^^^^^^^^^^^^^^^^^^^^^^^^^^^^^
  File "/opt/hostedtoolcache/Python/3.11.14/x64/lib/python3.11/site-packages/urllib3/util/util.py", line 39, in reraise
    raise value
  File "/opt/hostedtoolcache/Python/3.11.14/x64/lib/python3.11/site-packages/urllib3/connectionpool.py", line 787, in urlopen
    response = self._make_request(
               ^^^^^^^^^^^^^^^^^^^
  File "/opt/hostedtoolcache/Python/3.11.14/x64/lib/python3.11/site-packages/urllib3/connectionpool.py", line 536, in _make_request
    self._raise_timeout(err=e, url=url, timeout_value=read_timeout)
  File "/opt/hostedtoolcache/Python/3.11.14/x64/lib/python3.11/site-packages/urllib3/connectionpool.py", line 367, in _raise_timeout
    raise ReadTimeoutError(
urllib3.exceptions.ReadTimeoutError: HTTPConnectionPool(host='localhost', port=33397): Read timed out. (read timeout=120)
2026-01-20 14:32:20 [scrapy.extensions.logstats] INFO: Crawled 3 pages (at 3 pages/min), scraped 0 items (at 0 items/min)
2026-01-20 14:32:20 [decrypt] INFO: blues found yt_url: https://youtu.be/cvz8eliZpAU
2026-01-20 14:32:20 [pytubefix.__main__] WARNING: `use_po_token` and `po_token_verifier` is deprecated and will be removed soon.
2026-01-20 14:32:21 [decrypt] ERROR: blues found yt_url error: EOF when reading a line
2026-01-20 14:34:21 [scrapy.core.scraper] ERROR: Spider error processing <GET https://blues2022.blogspot.com/2026/01/20261204kchatgpt4k8kclashv2ray.html?m=1> (referer: https://blues2022.blogspot.com/?m=1)
Traceback (most recent call last):
  File "/opt/hostedtoolcache/Python/3.11.14/x64/lib/python3.11/site-packages/urllib3/connectionpool.py", line 534, in _make_request
    response = conn.getresponse()
               ^^^^^^^^^^^^^^^^^^
  File "/opt/hostedtoolcache/Python/3.11.14/x64/lib/python3.11/site-packages/urllib3/connection.py", line 571, in getresponse
    httplib_response = super().getresponse()
                       ^^^^^^^^^^^^^^^^^^^^^
  File "/opt/hostedtoolcache/Python/3.11.14/x64/lib/python3.11/http/client.py", line 1395, in getresponse
    response.begin()
  File "/opt/hostedtoolcache/Python/3.11.14/x64/lib/python3.11/http/client.py", line 325, in begin
    version, status, reason = self._read_status()
                              ^^^^^^^^^^^^^^^^^^^
  File "/opt/hostedtoolcache/Python/3.11.14/x64/lib/python3.11/http/client.py", line 286, in _read_status
    line = str(self.fp.readline(_MAXLINE + 1), "iso-8859-1")
               ^^^^^^^^^^^^^^^^^^^^^^^^^^^^^^
  File "/opt/hostedtoolcache/Python/3.11.14/x64/lib/python3.11/socket.py", line 718, in readinto
    return self._sock.recv_into(b)
           ^^^^^^^^^^^^^^^^^^^^^^^
TimeoutError: timed out

The above exception was the direct cause of the following exception:

Traceback (most recent call last):
  File "/opt/hostedtoolcache/Python/3.11.14/x64/lib/python3.11/site-packages/scrapy/utils/defer.py", line 355, in iter_errback
    yield next(it)
          ^^^^^^^^
  File "/opt/hostedtoolcache/Python/3.11.14/x64/lib/python3.11/site-packages/scrapy/utils/python.py", line 311, in __next__
    return next(self.data)
           ^^^^^^^^^^^^^^^
  File "/opt/hostedtoolcache/Python/3.11.14/x64/lib/python3.11/site-packages/scrapy/utils/python.py", line 311, in __next__
    return next(self.data)
           ^^^^^^^^^^^^^^^
  File "/opt/hostedtoolcache/Python/3.11.14/x64/lib/python3.11/site-packages/scrapy/core/spidermw.py", line 183, in process_sync
    self._process_spider_exception(
  File "/opt/hostedtoolcache/Python/3.11.14/x64/lib/python3.11/site-packages/scrapy/core/spidermw.py", line 256, in _process_spider_exception
    raise exception
  File "/opt/hostedtoolcache/Python/3.11.14/x64/lib/python3.11/site-packages/scrapy/core/spidermw.py", line 179, in process_sync
    yield from iterable
  File "/opt/hostedtoolcache/Python/3.11.14/x64/lib/python3.11/site-packages/scrapy/spidermiddlewares/base.py", line 60, in process_spider_output
    for o in result:
  File "/opt/hostedtoolcache/Python/3.11.14/x64/lib/python3.11/site-packages/scrapy/core/spidermw.py", line 183, in process_sync
    self._process_spider_exception(
  File "/opt/hostedtoolcache/Python/3.11.14/x64/lib/python3.11/site-packages/scrapy/core/spidermw.py", line 256, in _process_spider_exception
    raise exception
  File "/opt/hostedtoolcache/Python/3.11.14/x64/lib/python3.11/site-packages/scrapy/core/spidermw.py", line 179, in process_sync
    yield from iterable
  File "/opt/hostedtoolcache/Python/3.11.14/x64/lib/python3.11/site-packages/scrapy/spidermiddlewares/base.py", line 60, in process_spider_output
    for o in result:
  File "/opt/hostedtoolcache/Python/3.11.14/x64/lib/python3.11/site-packages/scrapy/core/spidermw.py", line 183, in process_sync
    self._process_spider_exception(
  File "/opt/hostedtoolcache/Python/3.11.14/x64/lib/python3.11/site-packages/scrapy/core/spidermw.py", line 256, in _process_spider_exception
    raise exception
  File "/opt/hostedtoolcache/Python/3.11.14/x64/lib/python3.11/site-packages/scrapy/core/spidermw.py", line 179, in process_sync
    yield from iterable
  File "/opt/hostedtoolcache/Python/3.11.14/x64/lib/python3.11/site-packages/scrapy/spidermiddlewares/base.py", line 60, in process_spider_output
    for o in result:
  File "/opt/hostedtoolcache/Python/3.11.14/x64/lib/python3.11/site-packages/scrapy/core/spidermw.py", line 183, in process_sync
    self._process_spider_exception(
  File "/opt/hostedtoolcache/Python/3.11.14/x64/lib/python3.11/site-packages/scrapy/core/spidermw.py", line 256, in _process_spider_exception
    raise exception
  File "/opt/hostedtoolcache/Python/3.11.14/x64/lib/python3.11/site-packages/scrapy/core/spidermw.py", line 179, in process_sync
    yield from iterable
  File "/opt/hostedtoolcache/Python/3.11.14/x64/lib/python3.11/site-packages/scrapy/spidermiddlewares/depth.py", line 61, in process_spider_output
    yield from super().process_spider_output(response, result)
  File "/opt/hostedtoolcache/Python/3.11.14/x64/lib/python3.11/site-packages/scrapy/spidermiddlewares/base.py", line 60, in process_spider_output
    for o in result:
  File "/opt/hostedtoolcache/Python/3.11.14/x64/lib/python3.11/site-packages/scrapy/core/spidermw.py", line 183, in process_sync
    self._process_spider_exception(
  File "/opt/hostedtoolcache/Python/3.11.14/x64/lib/python3.11/site-packages/scrapy/core/spidermw.py", line 256, in _process_spider_exception
    raise exception
  File "/opt/hostedtoolcache/Python/3.11.14/x64/lib/python3.11/site-packages/scrapy/core/spidermw.py", line 179, in process_sync
    yield from iterable
  File "/home/runner/work/FreeNodes/FreeNodes/NodeScrapy/spiders/DecryptSpider.py", line 91, in parse_blog
    ok, msg = self._decrypt(response.url, method, pwd)
              ^^^^^^^^^^^^^^^^^^^^^^^^^^^^^^^^^^^^^^^^
  File "/home/runner/work/FreeNodes/FreeNodes/NodeScrapy/spiders/DecryptSpider.py", line 42, in _decrypt
    self.driver.get(url)
  File "/opt/hostedtoolcache/Python/3.11.14/x64/lib/python3.11/site-packages/selenium/webdriver/remote/webdriver.py", line 452, in get
    self.execute(Command.GET, {"url": url})
  File "/opt/hostedtoolcache/Python/3.11.14/x64/lib/python3.11/site-packages/selenium/webdriver/remote/webdriver.py", line 429, in execute
    response = cast(RemoteConnection, self.command_executor).execute(driver_command, params)
               ^^^^^^^^^^^^^^^^^^^^^^^^^^^^^^^^^^^^^^^^^^^^^^^^^^^^^^^^^^^^^^^^^^^^^^^^^^^^^
  File "/opt/hostedtoolcache/Python/3.11.14/x64/lib/python3.11/site-packages/selenium/webdriver/remote/remote_connection.py", line 406, in execute
    return self._request(command_info[0], url, body=data)
           ^^^^^^^^^^^^^^^^^^^^^^^^^^^^^^^^^^^^^^^^^^^^^^
  File "/opt/hostedtoolcache/Python/3.11.14/x64/lib/python3.11/site-packages/selenium/webdriver/remote/remote_connection.py", line 430, in _request
    response = self._conn.request(method, url, body=body, headers=headers, timeout=self._client_config.timeout)
               ^^^^^^^^^^^^^^^^^^^^^^^^^^^^^^^^^^^^^^^^^^^^^^^^^^^^^^^^^^^^^^^^^^^^^^^^^^^^^^^^^^^^^^^^^^^^^^^^
  File "/opt/hostedtoolcache/Python/3.11.14/x64/lib/python3.11/site-packages/urllib3/_request_methods.py", line 143, in request
    return self.request_encode_body(
           ^^^^^^^^^^^^^^^^^^^^^^^^^
  File "/opt/hostedtoolcache/Python/3.11.14/x64/lib/python3.11/site-packages/urllib3/_request_methods.py", line 278, in request_encode_body
    return self.urlopen(method, url, **extra_kw)
           ^^^^^^^^^^^^^^^^^^^^^^^^^^^^^^^^^^^^^
  File "/opt/hostedtoolcache/Python/3.11.14/x64/lib/python3.11/site-packages/urllib3/poolmanager.py", line 457, in urlopen
    response = conn.urlopen(method, u.request_uri, **kw)
               ^^^^^^^^^^^^^^^^^^^^^^^^^^^^^^^^^^^^^^^^^
  File "/opt/hostedtoolcache/Python/3.11.14/x64/lib/python3.11/site-packages/urllib3/connectionpool.py", line 841, in urlopen
    retries = retries.increment(
              ^^^^^^^^^^^^^^^^^^
  File "/opt/hostedtoolcache/Python/3.11.14/x64/lib/python3.11/site-packages/urllib3/util/retry.py", line 490, in increment
    raise reraise(type(error), error, _stacktrace)
          ^^^^^^^^^^^^^^^^^^^^^^^^^^^^^^^^^^^^^^^^
  File "/opt/hostedtoolcache/Python/3.11.14/x64/lib/python3.11/site-packages/urllib3/util/util.py", line 39, in reraise
    raise value
  File "/opt/hostedtoolcache/Python/3.11.14/x64/lib/python3.11/site-packages/urllib3/connectionpool.py", line 787, in urlopen
    response = self._make_request(
               ^^^^^^^^^^^^^^^^^^^
  File "/opt/hostedtoolcache/Python/3.11.14/x64/lib/python3.11/site-packages/urllib3/connectionpool.py", line 536, in _make_request
    self._raise_timeout(err=e, url=url, timeout_value=read_timeout)
  File "/opt/hostedtoolcache/Python/3.11.14/x64/lib/python3.11/site-packages/urllib3/connectionpool.py", line 367, in _raise_timeout
    raise ReadTimeoutError(
urllib3.exceptions.ReadTimeoutError: HTTPConnectionPool(host='localhost', port=33397): Read timed out. (read timeout=120)
2026-01-20 14:34:21 [decrypt] INFO: blues found yt_url: https://youtu.be/BB8wcEtKnlw
2026-01-20 14:34:21 [pytubefix.__main__] WARNING: `use_po_token` and `po_token_verifier` is deprecated and will be removed soon.
2026-01-20 14:34:22 [decrypt] ERROR: blues found yt_url error: EOF when reading a line
2026-01-20 14:35:42 [decrypt] WARNING: blues 3355 got 密碼錯誤
2026-01-20 14:35:46 [decrypt] WARNING: blues 0000 got 密碼錯誤
2026-01-20 14:35:47 [decrypt] WARNING: blues 0011 got 密碼錯誤
2026-01-20 14:35:47 [decrypt] WARNING: blues 0022 got 密碼錯誤
2026-01-20 14:35:48 [decrypt] WARNING: blues 0033 got 密碼錯誤
2026-01-20 14:35:50 [decrypt] WARNING: blues 0044 got 密碼錯誤
2026-01-20 14:35:51 [decrypt] WARNING: blues 0055 got 密碼錯誤
2026-01-20 14:35:51 [decrypt] WARNING: blues 0066 got 密碼錯誤
2026-01-20 14:35:52 [decrypt] WARNING: blues 0077 got 密碼錯誤
2026-01-20 14:35:53 [decrypt] WARNING: blues 0088 got 密碼錯誤
2026-01-20 14:35:54 [decrypt] WARNING: blues 0099 got 密碼錯誤
2026-01-20 14:35:55 [decrypt] WARNING: blues 1100 got 密碼錯誤
2026-01-20 14:35:56 [decrypt] WARNING: blues 1111 got 密碼錯誤
2026-01-20 14:35:57 [decrypt] WARNING: blues 1122 got 密碼錯誤
2026-01-20 14:35:58 [decrypt] WARNING: blues 1133 got 密碼錯誤
2026-01-20 14:35:59 [decrypt] WARNING: blues 1144 got 密碼錯誤
2026-01-20 14:36:00 [decrypt] WARNING: blues 1155 got 密碼錯誤
2026-01-20 14:36:01 [decrypt] WARNING: blues 1166 got 密碼錯誤
2026-01-20 14:36:02 [decrypt] WARNING: blues 1177 got 密碼錯誤
2026-01-20 14:36:03 [decrypt] WARNING: blues 1188 got 密碼錯誤
2026-01-20 14:36:04 [decrypt] WARNING: blues 1199 got 密碼錯誤
2026-01-20 14:36:05 [decrypt] WARNING: blues 2200 got 密碼錯誤
2026-01-20 14:36:06 [decrypt] WARNING: blues 2211 got 密碼錯誤
2026-01-20 14:36:07 [decrypt] WARNING: blues 2222 got 密碼錯誤
2026-01-20 14:36:08 [decrypt] WARNING: blues 2233 got 密碼錯誤
2026-01-20 14:36:09 [decrypt] WARNING: blues 2244 got 密碼錯誤
2026-01-20 14:36:10 [decrypt] WARNING: blues 2255 got 密碼錯誤
2026-01-20 14:36:11 [decrypt] WARNING: blues 2266 got 密碼錯誤
2026-01-20 14:36:12 [decrypt] WARNING: blues 2277 got 密碼錯誤
2026-01-20 14:36:13 [decrypt] WARNING: blues 2288 got 密碼錯誤
2026-01-20 14:36:14 [decrypt] WARNING: blues 2299 got 密碼錯誤
2026-01-20 14:36:15 [decrypt] WARNING: blues 3300 got 密碼錯誤
2026-01-20 14:36:16 [decrypt] WARNING: blues 3311 got 密碼錯誤
2026-01-20 14:36:17 [decrypt] WARNING: blues 3322 got 密碼錯誤
2026-01-20 14:36:18 [decrypt] WARNING: blues 3333 got 密碼錯誤
2026-01-20 14:36:19 [decrypt] WARNING: blues 3344 got 密碼錯誤
2026-01-20 14:36:20 [decrypt] WARNING: blues 3355 got 密碼錯誤
2026-01-20 14:36:23 [decrypt] INFO: blues saved new password 3366
2026-01-20 14:36:23 [scrapy.extensions.logstats] INFO: Crawled 5 pages (at 2 pages/min), scraped 0 items (at 0 items/min)
2026-01-20 14:36:23 [scrapy.downloadermiddlewares.retry] ERROR: Gave up retrying <GET https://www.yudou123.top/robots.txt> (failed 3 times): [<twisted.python.failure.Failure twisted.internet.error.ConnectionLost: Connection to the other side was lost in a non-clean fashion: Connection lost.>]
2026-01-20 14:36:23 [scrapy.downloadermiddlewares.robotstxt] ERROR: Error downloading <GET https://www.yudou123.top/>: [<twisted.python.failure.Failure twisted.internet.error.ConnectionLost: Connection to the other side was lost in a non-clean fashion: Connection lost.>]
Traceback (most recent call last):
  File "/opt/hostedtoolcache/Python/3.11.14/x64/lib/python3.11/site-packages/scrapy/downloadermiddlewares/robotstxt.py", line 100, in robot_parser
    resp = await self.crawler.engine.download_async(robotsreq)
           ^^^^^^^^^^^^^^^^^^^^^^^^^^^^^^^^^^^^^^^^^^^^^^^^^^^
  File "/opt/hostedtoolcache/Python/3.11.14/x64/lib/python3.11/site-packages/scrapy/core/engine.py", line 474, in download_async
    return await self.download_async(response_or_request)
           ^^^^^^^^^^^^^^^^^^^^^^^^^^^^^^^^^^^^^^^^^^^^^^
  File "/opt/hostedtoolcache/Python/3.11.14/x64/lib/python3.11/site-packages/scrapy/core/engine.py", line 474, in download_async
    return await self.download_async(response_or_request)
           ^^^^^^^^^^^^^^^^^^^^^^^^^^^^^^^^^^^^^^^^^^^^^^
  File "/opt/hostedtoolcache/Python/3.11.14/x64/lib/python3.11/site-packages/scrapy/core/engine.py", line 467, in download_async
    response_or_request = await maybe_deferred_to_future(
                          ^^^^^^^^^^^^^^^^^^^^^^^^^^^^^^^
  File "/opt/hostedtoolcache/Python/3.11.14/x64/lib/python3.11/site-packages/twisted/internet/defer.py", line 1853, in _inlineCallbacks
    result = context.run(
             ^^^^^^^^^^^^
  File "/opt/hostedtoolcache/Python/3.11.14/x64/lib/python3.11/site-packages/twisted/python/failure.py", line 467, in throwExceptionIntoGenerator
    return g.throw(self.value.with_traceback(self.tb))
           ^^^^^^^^^^^^^^^^^^^^^^^^^^^^^^^^^^^^^^^^^^^
  File "/opt/hostedtoolcache/Python/3.11.14/x64/lib/python3.11/site-packages/scrapy/core/engine.py", line 490, in _download
    result = yield self.downloader.fetch(request)
             ^^^^^^^^^^^^^^^^^^^^^^^^^^^^^^^^^^^^
  File "/opt/hostedtoolcache/Python/3.11.14/x64/lib/python3.11/site-packages/twisted/internet/defer.py", line 1853, in _inlineCallbacks
    result = context.run(
             ^^^^^^^^^^^^
  File "/opt/hostedtoolcache/Python/3.11.14/x64/lib/python3.11/site-packages/twisted/python/failure.py", line 467, in throwExceptionIntoGenerator
    return g.throw(self.value.with_traceback(self.tb))
           ^^^^^^^^^^^^^^^^^^^^^^^^^^^^^^^^^^^^^^^^^^^
  File "/opt/hostedtoolcache/Python/3.11.14/x64/lib/python3.11/site-packages/scrapy/core/downloader/__init__.py", line 144, in fetch
    yield deferred_from_coro(
  File "/opt/hostedtoolcache/Python/3.11.14/x64/lib/python3.11/site-packages/twisted/internet/defer.py", line 1257, in adapt
    extracted: _SelfResultT | Failure = result.result()
                                        ^^^^^^^^^^^^^^^
  File "/opt/hostedtoolcache/Python/3.11.14/x64/lib/python3.11/site-packages/scrapy/core/downloader/middleware.py", line 158, in download_async
    result = await process_exception(ex)
             ^^^^^^^^^^^^^^^^^^^^^^^^^^^
  File "/opt/hostedtoolcache/Python/3.11.14/x64/lib/python3.11/site-packages/scrapy/core/downloader/middleware.py", line 150, in process_exception
    raise exception
  File "/opt/hostedtoolcache/Python/3.11.14/x64/lib/python3.11/site-packages/scrapy/core/downloader/middleware.py", line 153, in download_async
    result: Response | Request = await process_request(request)
                                 ^^^^^^^^^^^^^^^^^^^^^^^^^^^^^^
  File "/opt/hostedtoolcache/Python/3.11.14/x64/lib/python3.11/site-packages/scrapy/core/downloader/middleware.py", line 97, in process_request
    return await download_func(request)
           ^^^^^^^^^^^^^^^^^^^^^^^^^^^^
  File "/opt/hostedtoolcache/Python/3.11.14/x64/lib/python3.11/site-packages/scrapy/core/downloader/__init__.py", line 202, in _enqueue_request
    return await maybe_deferred_to_future(d)  # fired in _wait_for_download()
           ^^^^^^^^^^^^^^^^^^^^^^^^^^^^^^^^^
  File "/opt/hostedtoolcache/Python/3.11.14/x64/lib/python3.11/site-packages/scrapy/core/downloader/__init__.py", line 269, in _wait_for_download
    response = await self._download(slot, request)
               ^^^^^^^^^^^^^^^^^^^^^^^^^^^^^^^^^^^
  File "/opt/hostedtoolcache/Python/3.11.14/x64/lib/python3.11/site-packages/scrapy/core/downloader/__init__.py", line 239, in _download
    response: Response = await self.handlers.download_request_async(request)
                         ^^^^^^^^^^^^^^^^^^^^^^^^^^^^^^^^^^^^^^^^^^^^^^^^^^^
  File "/opt/hostedtoolcache/Python/3.11.14/x64/lib/python3.11/site-packages/scrapy/core/downloader/handlers/__init__.py", line 156, in download_request_async
    return await handler.download_request(request)
           ^^^^^^^^^^^^^^^^^^^^^^^^^^^^^^^^^^^^^^^
  File "/opt/hostedtoolcache/Python/3.11.14/x64/lib/python3.11/site-packages/scrapy/core/downloader/handlers/http11.py", line 113, in download_request
    return await maybe_deferred_to_future(agent.download_request(request))
           ^^^^^^^^^^^^^^^^^^^^^^^^^^^^^^^^^^^^^^^^^^^^^^^^^^^^^^^^^^^^^^^
twisted.web._newclient.ResponseNeverReceived: [<twisted.python.failure.Failure twisted.internet.error.ConnectionLost: Connection to the other side was lost in a non-clean fashion: Connection lost.>]
2026-01-20 14:36:24 [scrapy.downloadermiddlewares.retry] ERROR: Gave up retrying <GET https://www.yudou123.top/> (failed 3 times): [<twisted.python.failure.Failure twisted.internet.error.ConnectionLost: Connection to the other side was lost in a non-clean fashion: Connection lost.>]
2026-01-20 14:36:24 [scrapy.core.scraper] ERROR: Error downloading <GET https://www.yudou123.top/>
Traceback (most recent call last):
  File "/opt/hostedtoolcache/Python/3.11.14/x64/lib/python3.11/site-packages/twisted/internet/defer.py", line 1853, in _inlineCallbacks
    result = context.run(
             ^^^^^^^^^^^^
  File "/opt/hostedtoolcache/Python/3.11.14/x64/lib/python3.11/site-packages/twisted/python/failure.py", line 467, in throwExceptionIntoGenerator
    return g.throw(self.value.with_traceback(self.tb))
           ^^^^^^^^^^^^^^^^^^^^^^^^^^^^^^^^^^^^^^^^^^^
  File "/opt/hostedtoolcache/Python/3.11.14/x64/lib/python3.11/site-packages/scrapy/core/engine.py", line 490, in _download
    result = yield self.downloader.fetch(request)
             ^^^^^^^^^^^^^^^^^^^^^^^^^^^^^^^^^^^^
  File "/opt/hostedtoolcache/Python/3.11.14/x64/lib/python3.11/site-packages/twisted/internet/defer.py", line 1853, in _inlineCallbacks
    result = context.run(
             ^^^^^^^^^^^^
  File "/opt/hostedtoolcache/Python/3.11.14/x64/lib/python3.11/site-packages/twisted/python/failure.py", line 467, in throwExceptionIntoGenerator
    return g.throw(self.value.with_traceback(self.tb))
           ^^^^^^^^^^^^^^^^^^^^^^^^^^^^^^^^^^^^^^^^^^^
  File "/opt/hostedtoolcache/Python/3.11.14/x64/lib/python3.11/site-packages/scrapy/core/downloader/__init__.py", line 144, in fetch
    yield deferred_from_coro(
  File "/opt/hostedtoolcache/Python/3.11.14/x64/lib/python3.11/site-packages/twisted/internet/defer.py", line 1257, in adapt
    extracted: _SelfResultT | Failure = result.result()
                                        ^^^^^^^^^^^^^^^
  File "/opt/hostedtoolcache/Python/3.11.14/x64/lib/python3.11/site-packages/scrapy/core/downloader/middleware.py", line 158, in download_async
    result = await process_exception(ex)
             ^^^^^^^^^^^^^^^^^^^^^^^^^^^
  File "/opt/hostedtoolcache/Python/3.11.14/x64/lib/python3.11/site-packages/scrapy/core/downloader/middleware.py", line 150, in process_exception
    raise exception
  File "/opt/hostedtoolcache/Python/3.11.14/x64/lib/python3.11/site-packages/scrapy/core/downloader/middleware.py", line 153, in download_async
    result: Response | Request = await process_request(request)
                                 ^^^^^^^^^^^^^^^^^^^^^^^^^^^^^^
  File "/opt/hostedtoolcache/Python/3.11.14/x64/lib/python3.11/site-packages/scrapy/core/downloader/middleware.py", line 97, in process_request
    return await download_func(request)
           ^^^^^^^^^^^^^^^^^^^^^^^^^^^^
  File "/opt/hostedtoolcache/Python/3.11.14/x64/lib/python3.11/site-packages/scrapy/core/downloader/__init__.py", line 202, in _enqueue_request
    return await maybe_deferred_to_future(d)  # fired in _wait_for_download()
           ^^^^^^^^^^^^^^^^^^^^^^^^^^^^^^^^^
  File "/opt/hostedtoolcache/Python/3.11.14/x64/lib/python3.11/site-packages/scrapy/core/downloader/__init__.py", line 269, in _wait_for_download
    response = await self._download(slot, request)
               ^^^^^^^^^^^^^^^^^^^^^^^^^^^^^^^^^^^
  File "/opt/hostedtoolcache/Python/3.11.14/x64/lib/python3.11/site-packages/scrapy/core/downloader/__init__.py", line 239, in _download
    response: Response = await self.handlers.download_request_async(request)
                         ^^^^^^^^^^^^^^^^^^^^^^^^^^^^^^^^^^^^^^^^^^^^^^^^^^^
  File "/opt/hostedtoolcache/Python/3.11.14/x64/lib/python3.11/site-packages/scrapy/core/downloader/handlers/__init__.py", line 156, in download_request_async
    return await handler.download_request(request)
           ^^^^^^^^^^^^^^^^^^^^^^^^^^^^^^^^^^^^^^^
  File "/opt/hostedtoolcache/Python/3.11.14/x64/lib/python3.11/site-packages/scrapy/core/downloader/handlers/http11.py", line 113, in download_request
    return await maybe_deferred_to_future(agent.download_request(request))
           ^^^^^^^^^^^^^^^^^^^^^^^^^^^^^^^^^^^^^^^^^^^^^^^^^^^^^^^^^^^^^^^
twisted.web._newclient.ResponseNeverReceived: [<twisted.python.failure.Failure twisted.internet.error.ConnectionLost: Connection to the other side was lost in a non-clean fashion: Connection lost.>]
2026-01-20 14:36:24 [scrapy.core.engine] INFO: Closing spider (finished)
2026-01-20 14:36:24 [scrapy.statscollectors] INFO: Dumping Scrapy stats:
{'downloader/exception_count': 6,
 'downloader/exception_type_count/twisted.web._newclient.ResponseNeverReceived': 6,
 'downloader/request_bytes': 5194,
 'downloader/request_count': 15,
 'downloader/request_method_count/GET': 15,
 'downloader/response_bytes': 168384,
 'downloader/response_count': 9,
 'downloader/response_status_count/200': 5,
 'downloader/response_status_count/302': 4,
 'elapsed_time_seconds': 365.565652,
 'finish_reason': 'finished',
 'finish_time': datetime.datetime(2026, 1, 20, 14, 36, 24, 647740, tzinfo=datetime.timezone.utc),
 'httpcompression/response_bytes': 971581,
 'httpcompression/response_count': 5,
 'items_per_minute': 0.0,
 'log_count/ERROR': 9,
 'log_count/INFO': 24,
 'log_count/WARNING': 40,
 'memusage/max': 178356224,
 'memusage/startup': 153436160,
 'request_depth_max': 1,
 'response_received_count': 5,
 'responses_per_minute': 0.8219178082191781,
 'retry/count': 4,
 'retry/max_reached': 2,
 'retry/reason_count/twisted.web._newclient.ResponseNeverReceived': 4,
 "robotstxt/exception_count/<class 'twisted.web._newclient.ResponseNeverReceived'>": 1,
 'robotstxt/request_count': 2,
 'robotstxt/response_count': 1,
 'robotstxt/response_status_count/200': 1,
 'scheduler/dequeued': 10,
 'scheduler/dequeued/memory': 10,
 'scheduler/enqueued': 10,
 'scheduler/enqueued/memory': 10,
 'spider_exceptions/ReadTimeoutError': 2,
 'spider_exceptions/count': 2,
 'start_time': datetime.datetime(2026, 1, 20, 14, 30, 19, 82088, tzinfo=datetime.timezone.utc)}
2026-01-20 14:36:24 [scrapy.core.engine] INFO: Spider closed (finished)
