2025-12-06 08:22:05 [scrapy.middleware] INFO: Enabled downloader middlewares:
['scrapy.downloadermiddlewares.offsite.OffsiteMiddleware',
 'scrapy.downloadermiddlewares.robotstxt.RobotsTxtMiddleware',
 'scrapy.downloadermiddlewares.httpauth.HttpAuthMiddleware',
 'scrapy.downloadermiddlewares.downloadtimeout.DownloadTimeoutMiddleware',
 'scrapy.downloadermiddlewares.defaultheaders.DefaultHeadersMiddleware',
 'NodeScrapy.middlewares.RandomUserAgentMiddleware',
 'scrapy.downloadermiddlewares.useragent.UserAgentMiddleware',
 'scrapy.downloadermiddlewares.retry.RetryMiddleware',
 'scrapy.downloadermiddlewares.redirect.MetaRefreshMiddleware',
 'scrapy.downloadermiddlewares.httpcompression.HttpCompressionMiddleware',
 'scrapy.downloadermiddlewares.redirect.RedirectMiddleware',
 'scrapy.downloadermiddlewares.cookies.CookiesMiddleware',
 'scrapy.downloadermiddlewares.httpproxy.HttpProxyMiddleware',
 'scrapy.downloadermiddlewares.stats.DownloaderStats']
2025-12-06 08:22:05 [scrapy.middleware] INFO: Enabled spider middlewares:
['scrapy.spidermiddlewares.start.StartSpiderMiddleware',
 'scrapy.spidermiddlewares.httperror.HttpErrorMiddleware',
 'scrapy.spidermiddlewares.referer.RefererMiddleware',
 'scrapy.spidermiddlewares.urllength.UrlLengthMiddleware',
 'scrapy.spidermiddlewares.depth.DepthMiddleware']
2025-12-06 08:22:05 [scrapy.middleware] INFO: Enabled item pipelines:
['NodeScrapy.pipelines.Pipeline']
2025-12-06 08:22:05 [scrapy.core.engine] INFO: Spider opened
2025-12-06 08:22:05 [py.warnings] WARNING: /opt/hostedtoolcache/Python/3.11.14/x64/lib/python3.11/site-packages/scrapy/core/spidermw.py:433: ScrapyDeprecationWarning: NodeScrapy.spiders.SimpleSpider.SimpleSpider defines the deprecated start_requests() method. start_requests() has been deprecated in favor of a new method, start(), to support asynchronous code execution. start_requests() will stop being called in a future version of Scrapy. If you use Scrapy 2.13 or higher only, replace start_requests() with start(); note that start() is a coroutine (async def). If you need to maintain compatibility with lower Scrapy versions, when overriding start_requests() in a spider class, override start() as well; you can use super() to reuse the inherited start() implementation without copy-pasting. See the release notes of Scrapy 2.13 for details: https://docs.scrapy.org/en/2.13/news.html
  warn(

2025-12-06 08:22:05 [scrapy.extensions.logstats] INFO: Crawled 0 pages (at 0 pages/min), scraped 0 items (at 0 items/min)
2025-12-06 08:22:05 [scrapy.extensions.telnet] INFO: Telnet console listening on 127.0.0.1:6023
2025-12-06 08:22:05 [simple] INFO: clashmeta start
2025-12-06 08:22:05 [simple] INFO: ndnode start
2025-12-06 08:22:05 [simple] INFO: nodev2ray start
2025-12-06 08:22:05 [simple] INFO: nodefree start
2025-12-06 08:22:05 [simple] INFO: v2rayshare start
2025-12-06 08:22:05 [simple] INFO: wenode start
2025-12-06 08:22:05 [simple] INFO: clashmeta found /free-nodes/2025-12-3-clash-meta-github.htm on 2025-03-01
2025-12-06 08:22:05 [simple] INFO: clashmeta found /free-nodes/2025-12-2-clash-meta-node-github.htm on 2025-03-01
2025-12-06 08:22:05 [simple] INFO: clashmeta found /free-nodes/2025-12-1-latest-clash-meta-node.htm on 2025-03-01
2025-12-06 08:22:05 [simple] INFO: clashmeta found /free-nodes/2025-11-30-free-clash-meta-node.htm on 2025-11-30
2025-12-06 08:22:05 [simple] INFO: clashmeta found /free-nodes/2025-11-30-free-clash-meta-node.htm on 2025-11-30
2025-12-06 08:22:05 [simple] INFO: clashmeta found /free-nodes/2025-11-29-node-share-links.htm on 2025-11-29
2025-12-06 08:22:05 [simple] INFO: clashmeta found /free-nodes/2025-11-29-node-share-links.htm on 2025-11-29
2025-12-06 08:22:05 [simple] INFO: clashmeta found /free-nodes/2025-11-28-clash-meta-windows.htm on 2025-11-28
2025-12-06 08:22:05 [simple] INFO: clashmeta found /free-nodes/2025-11-28-clash-meta-windows.htm on 2025-11-28
2025-12-06 08:22:05 [simple] INFO: clashmeta found /free-nodes/2025-11-26-free-node-subscribe-links.htm on 2025-11-26
2025-12-06 08:22:05 [simple] INFO: clashmeta found /free-nodes/2025-11-26-free-node-subscribe-links.htm on 2025-11-26
2025-12-06 08:22:05 [simple] INFO: clashmeta found /free-nodes/2025-11-23-latest-clash-meta-node.htm on 2025-11-23
2025-12-06 08:22:05 [simple] INFO: clashmeta found /free-nodes/2025-11-23-latest-clash-meta-node.htm on 2025-11-23
2025-12-06 08:22:05 [simple] INFO: clashmeta found /free-nodes/2025-11-22-free-node-subscribe.htm on 2025-11-22
2025-12-06 08:22:05 [simple] INFO: clashmeta found /free-nodes/2025-11-22-free-node-subscribe.htm on 2025-11-22
2025-12-06 08:22:05 [simple] INFO: clashmeta found /free-nodes/2025-11-21-free-high-speed-nodes.htm on 2025-11-21
2025-12-06 08:22:05 [simple] INFO: clashmeta found /free-nodes/2025-11-21-free-high-speed-nodes.htm on 2025-11-21
2025-12-06 08:22:05 [simple] INFO: clashmeta is up to date, exiting
2025-12-06 08:22:05 [simple] INFO: clashmeta is up to date, exiting
2025-12-06 08:22:05 [simple] INFO: clashmeta is up to date, exiting
2025-12-06 08:22:06 [simple] INFO: nodev2ray found /free-node/2025-11-30-free-node-subscribe-links.htm on 2025-11-30
2025-12-06 08:22:06 [simple] INFO: nodev2ray found /free-node/2025-11-29-free-ssr-node.htm on 2025-11-29
2025-12-06 08:22:06 [simple] INFO: nodev2ray found /free-node/2025-11-28-v2ray-windows.htm on 2025-11-28
2025-12-06 08:22:06 [simple] INFO: nodev2ray found /free-node/2025-11-27-shadowrocket-node.htm on 2025-11-27
2025-12-06 08:22:06 [simple] INFO: nodev2ray needs update, accessing https://nodev2ray.com/free-node/2025-12-6-v2ray-node-daily-updates.htm
2025-12-06 08:22:06 [simple] INFO: nodev2ray needs update, accessing https://nodev2ray.com/free-node/2025-12-5-clash-v2ray-ss-ssr.htm
2025-12-06 08:22:06 [simple] INFO: nodev2ray needs update, accessing https://nodev2ray.com/free-node/2025-12-4-free-node-subscribe.htm
2025-12-06 08:22:06 [simple] INFO: ndnode found https://www.naidounode.com/n/3411.html on 2025-11-30
2025-12-06 08:22:06 [simple] INFO: ndnode found https://www.naidounode.com/n/3409.html on 2025-11-29
2025-12-06 08:22:06 [simple] INFO: ndnode found https://www.naidounode.com/n/3407.html on 2025-11-28
2025-12-06 08:22:06 [simple] INFO: ndnode found https://www.naidounode.com/n/3405.html on 2025-11-27
2025-12-06 08:22:06 [simple] INFO: ndnode is up to date, exiting
2025-12-06 08:22:06 [simple] INFO: ndnode is up to date, exiting
2025-12-06 08:22:06 [simple] INFO: ndnode is up to date, exiting
2025-12-06 08:22:06 [simple] INFO: v2rayshare found https://v2rayshare.net/p/4128.html on 2025-11-30
2025-12-06 08:22:06 [simple] INFO: v2rayshare found https://v2rayshare.net/p/4129.html on 2025-11-29
2025-12-06 08:22:06 [simple] INFO: v2rayshare found https://v2rayshare.net/p/4130.html on 2025-11-28
2025-12-06 08:22:06 [simple] INFO: v2rayshare found https://v2rayshare.net/p/4131.html on 2025-11-27
2025-12-06 08:22:06 [simple] INFO: v2rayshare is up to date, exiting
2025-12-06 08:22:06 [simple] INFO: v2rayshare is up to date, exiting
2025-12-06 08:22:06 [simple] INFO: v2rayshare is up to date, exiting
2025-12-06 08:22:06 [simple] INFO: wenode found https://oneclash.cc/a/2324.html on 2025-11-30
2025-12-06 08:22:06 [simple] INFO: wenode found https://oneclash.cc/a/2325.html on 2025-11-29
2025-12-06 08:22:06 [simple] INFO: wenode found https://oneclash.cc/a/2326.html on 2025-11-28
2025-12-06 08:22:06 [simple] INFO: wenode found https://oneclash.cc/a/2327.html on 2025-11-27
2025-12-06 08:22:06 [simple] INFO: wenode is up to date, exiting
2025-12-06 08:22:06 [simple] INFO: wenode is up to date, exiting
2025-12-06 08:22:06 [simple] INFO: wenode is up to date, exiting
2025-12-06 08:22:06 [simple] INFO: nodev2ray found https://node.nodev2ray.com/uploads/2025/12/0-20251206.txt
2025-12-06 08:22:06 [simple] INFO: nodev2ray found https://node.nodev2ray.com/uploads/2025/12/2-20251206.txt
2025-12-06 08:22:06 [simple] INFO: nodev2ray found https://node.nodev2ray.com/uploads/2025/12/3-20251206.txt
2025-12-06 08:22:06 [simple] INFO: nodev2ray found https://node.nodev2ray.com/uploads/2025/12/4-20251206.txt
2025-12-06 08:22:06 [simple] INFO: nodev2ray found https://node.nodev2ray.com/uploads/2025/12/1-20251206.yaml
2025-12-06 08:22:06 [simple] INFO: nodev2ray found https://node.nodev2ray.com/uploads/2025/12/3-20251206.yaml
2025-12-06 08:22:06 [simple] INFO: nodev2ray found https://node.nodev2ray.com/uploads/2025/12/4-20251206.yaml
2025-12-06 08:22:06 [simple] WARNING: nodev2ray could not parse https://node.nodev2ray.com/uploads/2025/12/20251206.json, skipping
2025-12-06 08:22:07 [simple] INFO: nodev2ray found https://node.nodev2ray.com/uploads/2025/12/0-20251205.txt
2025-12-06 08:22:07 [simple] INFO: nodev2ray found https://node.nodev2ray.com/uploads/2025/12/1-20251205.txt
2025-12-06 08:22:07 [simple] INFO: nodev2ray found https://node.nodev2ray.com/uploads/2025/12/2-20251205.txt
2025-12-06 08:22:07 [simple] INFO: nodev2ray found https://node.nodev2ray.com/uploads/2025/12/3-20251205.txt
2025-12-06 08:22:07 [simple] INFO: nodev2ray found https://node.nodev2ray.com/uploads/2025/12/4-20251205.txt
2025-12-06 08:22:07 [simple] INFO: nodev2ray found https://node.nodev2ray.com/uploads/2025/12/0-20251205.yaml
2025-12-06 08:22:07 [simple] INFO: nodev2ray found https://node.nodev2ray.com/uploads/2025/12/4-20251205.yaml
2025-12-06 08:22:07 [simple] WARNING: nodev2ray could not parse https://node.nodev2ray.com/uploads/2025/12/20251205.json, skipping
2025-12-06 08:22:07 [simple] INFO: nodefree found https://nodefree.me/p/2714.html on 2025-11-30
2025-12-06 08:22:07 [simple] INFO: nodefree found https://nodefree.me/p/2715.html on 2025-11-29
2025-12-06 08:22:07 [simple] INFO: nodefree found https://nodefree.me/p/2716.html on 2025-11-28
2025-12-06 08:22:07 [simple] INFO: nodefree found https://nodefree.me/p/2717.html on 2025-11-27
2025-12-06 08:22:07 [simple] INFO: nodefree found https://nodefree.me/p/2718.html on 2025-11-26
2025-12-06 08:22:07 [simple] INFO: nodefree is up to date, exiting
2025-12-06 08:22:07 [simple] INFO: nodefree is up to date, exiting
2025-12-06 08:22:07 [simple] INFO: nodefree is up to date, exiting
2025-12-06 08:22:08 [simple] INFO: nodev2ray found https://node.nodev2ray.com/uploads/2025/12/0-20251204.txt
2025-12-06 08:22:08 [simple] INFO: nodev2ray found https://node.nodev2ray.com/uploads/2025/12/1-20251204.txt
2025-12-06 08:22:08 [simple] INFO: nodev2ray found https://node.nodev2ray.com/uploads/2025/12/2-20251204.txt
2025-12-06 08:22:08 [simple] INFO: nodev2ray found https://node.nodev2ray.com/uploads/2025/12/0-20251204.yaml
2025-12-06 08:22:08 [simple] INFO: nodev2ray found https://node.nodev2ray.com/uploads/2025/12/1-20251204.yaml
2025-12-06 08:22:08 [simple] INFO: nodev2ray found https://node.nodev2ray.com/uploads/2025/12/2-20251204.yaml
2025-12-06 08:22:08 [simple] INFO: nodev2ray found https://node.nodev2ray.com/uploads/2025/12/3-20251204.yaml
2025-12-06 08:22:08 [simple] INFO: nodev2ray found https://node.nodev2ray.com/uploads/2025/12/4-20251204.yaml
2025-12-06 08:22:08 [simple] WARNING: nodev2ray could not parse https://node.nodev2ray.com/uploads/2025/12/20251204.json, skipping
2025-12-06 08:22:09 [scrapy.core.engine] INFO: Closing spider (finished)
2025-12-06 08:22:09 [scrapy.statscollectors] INFO: Dumping Scrapy stats:
{'downloader/exception_count': 22,
 'downloader/exception_type_count/scrapy.exceptions.IgnoreRequest': 22,
 'downloader/request_bytes': 8652,
 'downloader/request_count': 26,
 'downloader/request_method_count/GET': 26,
 'downloader/response_bytes': 133105,
 'downloader/response_count': 26,
 'downloader/response_status_count/200': 14,
 'downloader/response_status_count/301': 8,
 'downloader/response_status_count/404': 4,
 'elapsed_time_seconds': 3.43623,
 'finish_reason': 'finished',
 'finish_time': datetime.datetime(2025, 12, 6, 8, 22, 9, 8170, tzinfo=datetime.timezone.utc),
 'httpcompression/response_bytes': 575264,
 'httpcompression/response_count': 17,
 'items_per_minute': 0.0,
 'log_count/INFO': 94,
 'log_count/WARNING': 5,
 'memusage/max': 158212096,
 'memusage/startup': 158212096,
 'request_depth_max': 2,
 'response_received_count': 18,
 'responses_per_minute': 360.0,
 'robotstxt/forbidden': 22,
 'robotstxt/request_count': 9,
 'robotstxt/response_count': 9,
 'robotstxt/response_status_count/200': 5,
 'robotstxt/response_status_count/404': 4,
 'scheduler/dequeued': 34,
 'scheduler/dequeued/memory': 34,
 'scheduler/enqueued': 34,
 'scheduler/enqueued/memory': 34,
 'start_time': datetime.datetime(2025, 12, 6, 8, 22, 5, 571940, tzinfo=datetime.timezone.utc)}
2025-12-06 08:22:09 [scrapy.core.engine] INFO: Spider closed (finished)
2025-12-06 08:22:20 [scrapy.addons] INFO: Enabled addons:
[]
2025-12-06 08:22:20 [py.warnings] WARNING: /opt/hostedtoolcache/Python/3.11.14/x64/lib/python3.11/site-packages/scrapy/utils/request.py:120: ScrapyDeprecationWarning: 'REQUEST_FINGERPRINTER_IMPLEMENTATION' is a deprecated setting.
It will be removed in a future version of Scrapy.
  return cls(crawler)

2025-12-06 08:22:20 [scrapy.extensions.telnet] INFO: Telnet Password: c24c5e31f3756de6
2025-12-06 08:22:20 [scrapy.middleware] INFO: Enabled extensions:
['scrapy.extensions.corestats.CoreStats',
 'scrapy.extensions.telnet.TelnetConsole',
 'scrapy.extensions.memusage.MemoryUsage',
 'scrapy.extensions.logstats.LogStats']
2025-12-06 08:22:20 [scrapy.crawler] INFO: Overridden settings:
{'BOT_NAME': 'NodeScrapy',
 'FEED_EXPORT_ENCODING': 'utf-8',
 'LOG_FILE': 'scrapy.log',
 'LOG_LEVEL': 'INFO',
 'NEWSPIDER_MODULE': 'NodeScrapy.spiders',
 'REQUEST_FINGERPRINTER_IMPLEMENTATION': '2.7',
 'ROBOTSTXT_OBEY': True,
 'SPIDER_MODULES': ['NodeScrapy.spiders']}
2025-12-06 08:22:20 [scrapy.middleware] INFO: Enabled downloader middlewares:
['scrapy.downloadermiddlewares.offsite.OffsiteMiddleware',
 'scrapy.downloadermiddlewares.robotstxt.RobotsTxtMiddleware',
 'scrapy.downloadermiddlewares.httpauth.HttpAuthMiddleware',
 'scrapy.downloadermiddlewares.downloadtimeout.DownloadTimeoutMiddleware',
 'scrapy.downloadermiddlewares.defaultheaders.DefaultHeadersMiddleware',
 'NodeScrapy.middlewares.RandomUserAgentMiddleware',
 'scrapy.downloadermiddlewares.useragent.UserAgentMiddleware',
 'scrapy.downloadermiddlewares.retry.RetryMiddleware',
 'scrapy.downloadermiddlewares.redirect.MetaRefreshMiddleware',
 'scrapy.downloadermiddlewares.httpcompression.HttpCompressionMiddleware',
 'scrapy.downloadermiddlewares.redirect.RedirectMiddleware',
 'scrapy.downloadermiddlewares.cookies.CookiesMiddleware',
 'scrapy.downloadermiddlewares.httpproxy.HttpProxyMiddleware',
 'scrapy.downloadermiddlewares.stats.DownloaderStats']
2025-12-06 08:22:20 [scrapy.middleware] INFO: Enabled spider middlewares:
['scrapy.spidermiddlewares.start.StartSpiderMiddleware',
 'scrapy.spidermiddlewares.httperror.HttpErrorMiddleware',
 'scrapy.spidermiddlewares.referer.RefererMiddleware',
 'scrapy.spidermiddlewares.urllength.UrlLengthMiddleware',
 'scrapy.spidermiddlewares.depth.DepthMiddleware']
2025-12-06 08:22:20 [scrapy.middleware] INFO: Enabled item pipelines:
['NodeScrapy.pipelines.Pipeline']
2025-12-06 08:22:20 [scrapy.core.engine] INFO: Spider opened
2025-12-06 08:22:20 [py.warnings] WARNING: /opt/hostedtoolcache/Python/3.11.14/x64/lib/python3.11/site-packages/scrapy/core/spidermw.py:433: ScrapyDeprecationWarning: NodeScrapy.spiders.SimpleSpider.SimpleSpider (inherited by NodeScrapy.spiders.DecryptSpider.DecryptSpider) defines the deprecated start_requests() method. start_requests() has been deprecated in favor of a new method, start(), to support asynchronous code execution. start_requests() will stop being called in a future version of Scrapy. If you use Scrapy 2.13 or higher only, replace start_requests() with start(); note that start() is a coroutine (async def). If you need to maintain compatibility with lower Scrapy versions, when overriding start_requests() in a spider class, override start() as well; you can use super() to reuse the inherited start() implementation without copy-pasting. See the release notes of Scrapy 2.13 for details: https://docs.scrapy.org/en/2.13/news.html
  warn(

2025-12-06 08:22:20 [scrapy.extensions.logstats] INFO: Crawled 0 pages (at 0 pages/min), scraped 0 items (at 0 items/min)
2025-12-06 08:22:20 [scrapy.extensions.telnet] INFO: Telnet console listening on 127.0.0.1:6023
2025-12-06 08:22:20 [decrypt] INFO: yudou66 start
2025-12-06 08:22:20 [decrypt] INFO: blues start
2025-12-06 08:22:20 [decrypt] INFO: blues found https://blues2022.blogspot.com/2025/11/202511304kchatgpt4k8kclashv2ray.html on 2025-11-30
2025-12-06 08:22:20 [decrypt] INFO: blues found https://blues2022.blogspot.com/2025/11/202511294kchatgpt4k8kclashv2ray.html on 2025-11-29
2025-12-06 08:22:20 [decrypt] INFO: blues found https://blues2022.blogspot.com/2025/11/202511284kchatgpt4k8kclashv2ray.html on 2025-11-28
2025-12-06 08:22:20 [decrypt] INFO: blues found https://blues2022.blogspot.com/2025/11/202511274kchatgpt4k8kclashv2ray.html on 2025-11-27
2025-12-06 08:22:20 [decrypt] INFO: blues found https://blues2022.blogspot.com/2025/11/202511264kchatgpt4k8kclashv2ray.html on 2025-11-26
2025-12-06 08:22:20 [decrypt] INFO: blues needs update, accessing https://blues2022.blogspot.com/2025/12/20251254kchatgpt4k8kclashv2ray.html
2025-12-06 08:22:20 [decrypt] INFO: blues needs update, accessing https://blues2022.blogspot.com/2025/12/20251244kchatgpt4k8kclashv2ray.html
2025-12-06 08:22:20 [decrypt] INFO: blues needs update, accessing https://blues2022.blogspot.com/2025/12/20251234kchatgpt4k8kclashv2ray.html
2025-12-06 08:22:20 [scrapy.downloadermiddlewares.retry] ERROR: Gave up retrying <GET https://www.yudou123.top/robots.txt> (failed 3 times): [<twisted.python.failure.Failure twisted.internet.error.ConnectionLost: Connection to the other side was lost in a non-clean fashion: Connection lost.>]
2025-12-06 08:22:20 [scrapy.downloadermiddlewares.robotstxt] ERROR: Error downloading <GET https://www.yudou123.top/robots.txt>: [<twisted.python.failure.Failure twisted.internet.error.ConnectionLost: Connection to the other side was lost in a non-clean fashion: Connection lost.>]
Traceback (most recent call last):
  File "/opt/hostedtoolcache/Python/3.11.14/x64/lib/python3.11/site-packages/twisted/internet/defer.py", line 1853, in _inlineCallbacks
    result = context.run(
             ^^^^^^^^^^^^
  File "/opt/hostedtoolcache/Python/3.11.14/x64/lib/python3.11/site-packages/twisted/python/failure.py", line 467, in throwExceptionIntoGenerator
    return g.throw(self.value.with_traceback(self.tb))
           ^^^^^^^^^^^^^^^^^^^^^^^^^^^^^^^^^^^^^^^^^^^
  File "/opt/hostedtoolcache/Python/3.11.14/x64/lib/python3.11/site-packages/scrapy/core/downloader/middleware.py", line 68, in process_request
    return (yield download_func(request, spider))
            ^^^^^^^^^^^^^^^^^^^^^^^^^^^^^^^^^^^^
twisted.web._newclient.ResponseNeverReceived: [<twisted.python.failure.Failure twisted.internet.error.ConnectionLost: Connection to the other side was lost in a non-clean fashion: Connection lost.>]
2025-12-06 08:22:20 [scrapy.downloadermiddlewares.retry] ERROR: Gave up retrying <GET https://www.yudou123.top/> (failed 3 times): [<twisted.python.failure.Failure twisted.internet.error.ConnectionLost: Connection to the other side was lost in a non-clean fashion: Connection lost.>]
2025-12-06 08:22:20 [decrypt] INFO: blues found yt_url: https://youtu.be/atS3yDVYUIk
2025-12-06 08:22:20 [pytubefix.__main__] WARNING: `use_po_token` and `po_token_verifier` is deprecated and will be removed soon.
2025-12-06 08:22:22 [decrypt] ERROR: blues found yt_url error: EOF when reading a line
2025-12-06 08:22:25 [decrypt] WARNING: blues 1177 got 密碼錯誤
2025-12-06 08:22:26 [decrypt] WARNING: blues 0000 got 密碼錯誤
2025-12-06 08:22:28 [decrypt] WARNING: blues 0011 got 密碼錯誤
2025-12-06 08:22:29 [decrypt] WARNING: blues 0022 got 密碼錯誤
2025-12-06 08:22:30 [decrypt] WARNING: blues 0033 got 密碼錯誤
2025-12-06 08:22:32 [decrypt] WARNING: blues 0044 got 密碼錯誤
2025-12-06 08:22:33 [decrypt] WARNING: blues 0055 got 密碼錯誤
2025-12-06 08:22:35 [decrypt] WARNING: blues 0066 got 密碼錯誤
2025-12-06 08:22:36 [decrypt] WARNING: blues 0077 got 密碼錯誤
2025-12-06 08:22:38 [decrypt] WARNING: blues 0088 got 密碼錯誤
2025-12-06 08:22:40 [decrypt] WARNING: blues 0099 got 密碼錯誤
2025-12-06 08:22:41 [decrypt] WARNING: blues 1100 got 密碼錯誤
2025-12-06 08:22:43 [decrypt] WARNING: blues 1111 got 密碼錯誤
2025-12-06 08:22:44 [decrypt] WARNING: blues 1122 got 密碼錯誤
2025-12-06 08:22:46 [decrypt] WARNING: blues 1133 got 密碼錯誤
2025-12-06 08:22:47 [decrypt] WARNING: blues 1144 got 密碼錯誤
2025-12-06 08:22:48 [decrypt] WARNING: blues 1155 got 密碼錯誤
2025-12-06 08:22:49 [decrypt] WARNING: blues 1166 got 密碼錯誤
2025-12-06 08:22:51 [decrypt] WARNING: blues 1177 got 密碼錯誤
2025-12-06 08:22:52 [decrypt] WARNING: blues 1188 got 密碼錯誤
2025-12-06 08:22:53 [decrypt] WARNING: blues 1199 got 密碼錯誤
2025-12-06 08:22:54 [decrypt] WARNING: blues 2200 got 密碼錯誤
2025-12-06 08:22:55 [decrypt] WARNING: blues 2211 got 密碼錯誤
2025-12-06 08:22:57 [decrypt] WARNING: blues 2222 got 密碼錯誤
2025-12-06 08:22:58 [decrypt] WARNING: blues 2233 got 密碼錯誤
2025-12-06 08:22:59 [decrypt] WARNING: blues 2244 got 密碼錯誤
2025-12-06 08:23:01 [decrypt] WARNING: blues 2255 got 密碼錯誤
2025-12-06 08:23:02 [decrypt] WARNING: blues 2266 got 密碼錯誤
2025-12-06 08:23:05 [decrypt] WARNING: blues 2277 got 密碼錯誤
2025-12-06 08:23:07 [decrypt] WARNING: blues 2288 got 密碼錯誤
2025-12-06 08:23:10 [decrypt] WARNING: blues 2299 got 密碼錯誤
2025-12-06 08:23:14 [decrypt] WARNING: blues 3300 got 密碼錯誤
2025-12-06 08:23:17 [decrypt] WARNING: blues 3311 got 密碼錯誤
2025-12-06 08:23:20 [decrypt] WARNING: blues 3322 got 密碼錯誤
2025-12-06 08:23:23 [decrypt] WARNING: blues 3333 got 密碼錯誤
2025-12-06 08:23:25 [decrypt] WARNING: blues 3344 got 密碼錯誤
2025-12-06 08:23:28 [decrypt] WARNING: blues 3355 got 密碼錯誤
2025-12-06 08:23:31 [decrypt] WARNING: blues 3366 got 密碼錯誤
2025-12-06 08:23:33 [decrypt] WARNING: blues 3377 got 密碼錯誤
2025-12-06 08:23:37 [decrypt] WARNING: blues 3388 got 密碼錯誤
2025-12-06 08:23:38 [decrypt] WARNING: blues 3399 got 密碼錯誤
2025-12-06 08:23:40 [decrypt] WARNING: blues 4400 got 密碼錯誤
2025-12-06 08:25:40 [scrapy.core.scraper] ERROR: Spider error processing <GET https://blues2022.blogspot.com/2025/12/20251254kchatgpt4k8kclashv2ray.html?m=1> (referer: https://blues2022.blogspot.com/?m=1)
Traceback (most recent call last):
  File "/opt/hostedtoolcache/Python/3.11.14/x64/lib/python3.11/site-packages/urllib3/connectionpool.py", line 534, in _make_request
    response = conn.getresponse()
               ^^^^^^^^^^^^^^^^^^
  File "/opt/hostedtoolcache/Python/3.11.14/x64/lib/python3.11/site-packages/urllib3/connection.py", line 571, in getresponse
    httplib_response = super().getresponse()
                       ^^^^^^^^^^^^^^^^^^^^^
  File "/opt/hostedtoolcache/Python/3.11.14/x64/lib/python3.11/http/client.py", line 1395, in getresponse
    response.begin()
  File "/opt/hostedtoolcache/Python/3.11.14/x64/lib/python3.11/http/client.py", line 325, in begin
    version, status, reason = self._read_status()
                              ^^^^^^^^^^^^^^^^^^^
  File "/opt/hostedtoolcache/Python/3.11.14/x64/lib/python3.11/http/client.py", line 286, in _read_status
    line = str(self.fp.readline(_MAXLINE + 1), "iso-8859-1")
               ^^^^^^^^^^^^^^^^^^^^^^^^^^^^^^
  File "/opt/hostedtoolcache/Python/3.11.14/x64/lib/python3.11/socket.py", line 718, in readinto
    return self._sock.recv_into(b)
           ^^^^^^^^^^^^^^^^^^^^^^^
TimeoutError: timed out

The above exception was the direct cause of the following exception:

Traceback (most recent call last):
  File "/opt/hostedtoolcache/Python/3.11.14/x64/lib/python3.11/site-packages/scrapy/utils/defer.py", line 343, in iter_errback
    yield next(it)
          ^^^^^^^^
  File "/opt/hostedtoolcache/Python/3.11.14/x64/lib/python3.11/site-packages/scrapy/utils/python.py", line 369, in __next__
    return next(self.data)
           ^^^^^^^^^^^^^^^
  File "/opt/hostedtoolcache/Python/3.11.14/x64/lib/python3.11/site-packages/scrapy/utils/python.py", line 369, in __next__
    return next(self.data)
           ^^^^^^^^^^^^^^^
  File "/opt/hostedtoolcache/Python/3.11.14/x64/lib/python3.11/site-packages/scrapy/core/spidermw.py", line 167, in process_sync
    yield from iterable
  File "/opt/hostedtoolcache/Python/3.11.14/x64/lib/python3.11/site-packages/scrapy/spidermiddlewares/base.py", line 58, in process_spider_output
    for o in result:
  File "/opt/hostedtoolcache/Python/3.11.14/x64/lib/python3.11/site-packages/scrapy/core/spidermw.py", line 167, in process_sync
    yield from iterable
  File "/opt/hostedtoolcache/Python/3.11.14/x64/lib/python3.11/site-packages/scrapy/spidermiddlewares/base.py", line 58, in process_spider_output
    for o in result:
  File "/opt/hostedtoolcache/Python/3.11.14/x64/lib/python3.11/site-packages/scrapy/core/spidermw.py", line 167, in process_sync
    yield from iterable
  File "/opt/hostedtoolcache/Python/3.11.14/x64/lib/python3.11/site-packages/scrapy/spidermiddlewares/base.py", line 58, in process_spider_output
    for o in result:
  File "/opt/hostedtoolcache/Python/3.11.14/x64/lib/python3.11/site-packages/scrapy/core/spidermw.py", line 167, in process_sync
    yield from iterable
  File "/opt/hostedtoolcache/Python/3.11.14/x64/lib/python3.11/site-packages/scrapy/spidermiddlewares/depth.py", line 59, in process_spider_output
    yield from super().process_spider_output(response, result, spider)
  File "/opt/hostedtoolcache/Python/3.11.14/x64/lib/python3.11/site-packages/scrapy/spidermiddlewares/base.py", line 58, in process_spider_output
    for o in result:
  File "/opt/hostedtoolcache/Python/3.11.14/x64/lib/python3.11/site-packages/scrapy/core/spidermw.py", line 167, in process_sync
    yield from iterable
  File "/home/runner/work/FreeNodes/FreeNodes/NodeScrapy/spiders/DecryptSpider.py", line 91, in parse_blog
    ok, msg = self._decrypt(response.url, method, pwd)
              ^^^^^^^^^^^^^^^^^^^^^^^^^^^^^^^^^^^^^^^^
  File "/home/runner/work/FreeNodes/FreeNodes/NodeScrapy/spiders/DecryptSpider.py", line 42, in _decrypt
    self.driver.get(url)
  File "/opt/hostedtoolcache/Python/3.11.14/x64/lib/python3.11/site-packages/selenium/webdriver/remote/webdriver.py", line 483, in get
    self.execute(Command.GET, {"url": url})
  File "/opt/hostedtoolcache/Python/3.11.14/x64/lib/python3.11/site-packages/selenium/webdriver/remote/webdriver.py", line 455, in execute
    response = cast(RemoteConnection, self.command_executor).execute(driver_command, params)
               ^^^^^^^^^^^^^^^^^^^^^^^^^^^^^^^^^^^^^^^^^^^^^^^^^^^^^^^^^^^^^^^^^^^^^^^^^^^^^
  File "/opt/hostedtoolcache/Python/3.11.14/x64/lib/python3.11/site-packages/selenium/webdriver/remote/remote_connection.py", line 407, in execute
    return self._request(command_info[0], url, body=data)
           ^^^^^^^^^^^^^^^^^^^^^^^^^^^^^^^^^^^^^^^^^^^^^^
  File "/opt/hostedtoolcache/Python/3.11.14/x64/lib/python3.11/site-packages/selenium/webdriver/remote/remote_connection.py", line 431, in _request
    response = self._conn.request(method, url, body=body, headers=headers, timeout=self._client_config.timeout)
               ^^^^^^^^^^^^^^^^^^^^^^^^^^^^^^^^^^^^^^^^^^^^^^^^^^^^^^^^^^^^^^^^^^^^^^^^^^^^^^^^^^^^^^^^^^^^^^^^
  File "/opt/hostedtoolcache/Python/3.11.14/x64/lib/python3.11/site-packages/urllib3/_request_methods.py", line 143, in request
    return self.request_encode_body(
           ^^^^^^^^^^^^^^^^^^^^^^^^^
  File "/opt/hostedtoolcache/Python/3.11.14/x64/lib/python3.11/site-packages/urllib3/_request_methods.py", line 278, in request_encode_body
    return self.urlopen(method, url, **extra_kw)
           ^^^^^^^^^^^^^^^^^^^^^^^^^^^^^^^^^^^^^
  File "/opt/hostedtoolcache/Python/3.11.14/x64/lib/python3.11/site-packages/urllib3/poolmanager.py", line 457, in urlopen
    response = conn.urlopen(method, u.request_uri, **kw)
               ^^^^^^^^^^^^^^^^^^^^^^^^^^^^^^^^^^^^^^^^^
  File "/opt/hostedtoolcache/Python/3.11.14/x64/lib/python3.11/site-packages/urllib3/connectionpool.py", line 841, in urlopen
    retries = retries.increment(
              ^^^^^^^^^^^^^^^^^^
  File "/opt/hostedtoolcache/Python/3.11.14/x64/lib/python3.11/site-packages/urllib3/util/retry.py", line 474, in increment
    raise reraise(type(error), error, _stacktrace)
          ^^^^^^^^^^^^^^^^^^^^^^^^^^^^^^^^^^^^^^^^
  File "/opt/hostedtoolcache/Python/3.11.14/x64/lib/python3.11/site-packages/urllib3/util/util.py", line 39, in reraise
    raise value
  File "/opt/hostedtoolcache/Python/3.11.14/x64/lib/python3.11/site-packages/urllib3/connectionpool.py", line 787, in urlopen
    response = self._make_request(
               ^^^^^^^^^^^^^^^^^^^
  File "/opt/hostedtoolcache/Python/3.11.14/x64/lib/python3.11/site-packages/urllib3/connectionpool.py", line 536, in _make_request
    self._raise_timeout(err=e, url=url, timeout_value=read_timeout)
  File "/opt/hostedtoolcache/Python/3.11.14/x64/lib/python3.11/site-packages/urllib3/connectionpool.py", line 367, in _raise_timeout
    raise ReadTimeoutError(
urllib3.exceptions.ReadTimeoutError: HTTPConnectionPool(host='localhost', port=32935): Read timed out. (read timeout=120)
2025-12-06 08:25:40 [scrapy.extensions.logstats] INFO: Crawled 5 pages (at 5 pages/min), scraped 0 items (at 0 items/min)
2025-12-06 08:25:40 [scrapy.core.scraper] ERROR: Error downloading <GET https://www.yudou123.top/>
Traceback (most recent call last):
  File "/opt/hostedtoolcache/Python/3.11.14/x64/lib/python3.11/site-packages/twisted/internet/defer.py", line 1853, in _inlineCallbacks
    result = context.run(
             ^^^^^^^^^^^^
  File "/opt/hostedtoolcache/Python/3.11.14/x64/lib/python3.11/site-packages/twisted/python/failure.py", line 467, in throwExceptionIntoGenerator
    return g.throw(self.value.with_traceback(self.tb))
           ^^^^^^^^^^^^^^^^^^^^^^^^^^^^^^^^^^^^^^^^^^^
  File "/opt/hostedtoolcache/Python/3.11.14/x64/lib/python3.11/site-packages/scrapy/core/downloader/middleware.py", line 68, in process_request
    return (yield download_func(request, spider))
            ^^^^^^^^^^^^^^^^^^^^^^^^^^^^^^^^^^^^
twisted.web._newclient.ResponseNeverReceived: [<twisted.python.failure.Failure twisted.internet.error.ConnectionLost: Connection to the other side was lost in a non-clean fashion: Connection lost.>]
2025-12-06 08:25:40 [decrypt] INFO: blues found yt_url: https://youtu.be/7YXEwVRI1Lw
2025-12-06 08:25:40 [pytubefix.__main__] WARNING: `use_po_token` and `po_token_verifier` is deprecated and will be removed soon.
2025-12-06 08:25:41 [decrypt] ERROR: blues found yt_url error: EOF when reading a line
2025-12-06 08:27:41 [scrapy.core.scraper] ERROR: Spider error processing <GET https://blues2022.blogspot.com/2025/12/20251234kchatgpt4k8kclashv2ray.html> (referer: https://blues2022.blogspot.com/?m=1)
Traceback (most recent call last):
  File "/opt/hostedtoolcache/Python/3.11.14/x64/lib/python3.11/site-packages/urllib3/connectionpool.py", line 534, in _make_request
    response = conn.getresponse()
               ^^^^^^^^^^^^^^^^^^
  File "/opt/hostedtoolcache/Python/3.11.14/x64/lib/python3.11/site-packages/urllib3/connection.py", line 571, in getresponse
    httplib_response = super().getresponse()
                       ^^^^^^^^^^^^^^^^^^^^^
  File "/opt/hostedtoolcache/Python/3.11.14/x64/lib/python3.11/http/client.py", line 1395, in getresponse
    response.begin()
  File "/opt/hostedtoolcache/Python/3.11.14/x64/lib/python3.11/http/client.py", line 325, in begin
    version, status, reason = self._read_status()
                              ^^^^^^^^^^^^^^^^^^^
  File "/opt/hostedtoolcache/Python/3.11.14/x64/lib/python3.11/http/client.py", line 286, in _read_status
    line = str(self.fp.readline(_MAXLINE + 1), "iso-8859-1")
               ^^^^^^^^^^^^^^^^^^^^^^^^^^^^^^
  File "/opt/hostedtoolcache/Python/3.11.14/x64/lib/python3.11/socket.py", line 718, in readinto
    return self._sock.recv_into(b)
           ^^^^^^^^^^^^^^^^^^^^^^^
TimeoutError: timed out

The above exception was the direct cause of the following exception:

Traceback (most recent call last):
  File "/opt/hostedtoolcache/Python/3.11.14/x64/lib/python3.11/site-packages/scrapy/utils/defer.py", line 343, in iter_errback
    yield next(it)
          ^^^^^^^^
  File "/opt/hostedtoolcache/Python/3.11.14/x64/lib/python3.11/site-packages/scrapy/utils/python.py", line 369, in __next__
    return next(self.data)
           ^^^^^^^^^^^^^^^
  File "/opt/hostedtoolcache/Python/3.11.14/x64/lib/python3.11/site-packages/scrapy/utils/python.py", line 369, in __next__
    return next(self.data)
           ^^^^^^^^^^^^^^^
  File "/opt/hostedtoolcache/Python/3.11.14/x64/lib/python3.11/site-packages/scrapy/core/spidermw.py", line 167, in process_sync
    yield from iterable
  File "/opt/hostedtoolcache/Python/3.11.14/x64/lib/python3.11/site-packages/scrapy/spidermiddlewares/base.py", line 58, in process_spider_output
    for o in result:
  File "/opt/hostedtoolcache/Python/3.11.14/x64/lib/python3.11/site-packages/scrapy/core/spidermw.py", line 167, in process_sync
    yield from iterable
  File "/opt/hostedtoolcache/Python/3.11.14/x64/lib/python3.11/site-packages/scrapy/spidermiddlewares/base.py", line 58, in process_spider_output
    for o in result:
  File "/opt/hostedtoolcache/Python/3.11.14/x64/lib/python3.11/site-packages/scrapy/core/spidermw.py", line 167, in process_sync
    yield from iterable
  File "/opt/hostedtoolcache/Python/3.11.14/x64/lib/python3.11/site-packages/scrapy/spidermiddlewares/base.py", line 58, in process_spider_output
    for o in result:
  File "/opt/hostedtoolcache/Python/3.11.14/x64/lib/python3.11/site-packages/scrapy/core/spidermw.py", line 167, in process_sync
    yield from iterable
  File "/opt/hostedtoolcache/Python/3.11.14/x64/lib/python3.11/site-packages/scrapy/spidermiddlewares/depth.py", line 59, in process_spider_output
    yield from super().process_spider_output(response, result, spider)
  File "/opt/hostedtoolcache/Python/3.11.14/x64/lib/python3.11/site-packages/scrapy/spidermiddlewares/base.py", line 58, in process_spider_output
    for o in result:
  File "/opt/hostedtoolcache/Python/3.11.14/x64/lib/python3.11/site-packages/scrapy/core/spidermw.py", line 167, in process_sync
    yield from iterable
  File "/home/runner/work/FreeNodes/FreeNodes/NodeScrapy/spiders/DecryptSpider.py", line 91, in parse_blog
    ok, msg = self._decrypt(response.url, method, pwd)
              ^^^^^^^^^^^^^^^^^^^^^^^^^^^^^^^^^^^^^^^^
  File "/home/runner/work/FreeNodes/FreeNodes/NodeScrapy/spiders/DecryptSpider.py", line 42, in _decrypt
    self.driver.get(url)
  File "/opt/hostedtoolcache/Python/3.11.14/x64/lib/python3.11/site-packages/selenium/webdriver/remote/webdriver.py", line 483, in get
    self.execute(Command.GET, {"url": url})
  File "/opt/hostedtoolcache/Python/3.11.14/x64/lib/python3.11/site-packages/selenium/webdriver/remote/webdriver.py", line 455, in execute
    response = cast(RemoteConnection, self.command_executor).execute(driver_command, params)
               ^^^^^^^^^^^^^^^^^^^^^^^^^^^^^^^^^^^^^^^^^^^^^^^^^^^^^^^^^^^^^^^^^^^^^^^^^^^^^
  File "/opt/hostedtoolcache/Python/3.11.14/x64/lib/python3.11/site-packages/selenium/webdriver/remote/remote_connection.py", line 407, in execute
    return self._request(command_info[0], url, body=data)
           ^^^^^^^^^^^^^^^^^^^^^^^^^^^^^^^^^^^^^^^^^^^^^^
  File "/opt/hostedtoolcache/Python/3.11.14/x64/lib/python3.11/site-packages/selenium/webdriver/remote/remote_connection.py", line 431, in _request
    response = self._conn.request(method, url, body=body, headers=headers, timeout=self._client_config.timeout)
               ^^^^^^^^^^^^^^^^^^^^^^^^^^^^^^^^^^^^^^^^^^^^^^^^^^^^^^^^^^^^^^^^^^^^^^^^^^^^^^^^^^^^^^^^^^^^^^^^
  File "/opt/hostedtoolcache/Python/3.11.14/x64/lib/python3.11/site-packages/urllib3/_request_methods.py", line 143, in request
    return self.request_encode_body(
           ^^^^^^^^^^^^^^^^^^^^^^^^^
  File "/opt/hostedtoolcache/Python/3.11.14/x64/lib/python3.11/site-packages/urllib3/_request_methods.py", line 278, in request_encode_body
    return self.urlopen(method, url, **extra_kw)
           ^^^^^^^^^^^^^^^^^^^^^^^^^^^^^^^^^^^^^
  File "/opt/hostedtoolcache/Python/3.11.14/x64/lib/python3.11/site-packages/urllib3/poolmanager.py", line 457, in urlopen
    response = conn.urlopen(method, u.request_uri, **kw)
               ^^^^^^^^^^^^^^^^^^^^^^^^^^^^^^^^^^^^^^^^^
  File "/opt/hostedtoolcache/Python/3.11.14/x64/lib/python3.11/site-packages/urllib3/connectionpool.py", line 841, in urlopen
    retries = retries.increment(
              ^^^^^^^^^^^^^^^^^^
  File "/opt/hostedtoolcache/Python/3.11.14/x64/lib/python3.11/site-packages/urllib3/util/retry.py", line 474, in increment
    raise reraise(type(error), error, _stacktrace)
          ^^^^^^^^^^^^^^^^^^^^^^^^^^^^^^^^^^^^^^^^
  File "/opt/hostedtoolcache/Python/3.11.14/x64/lib/python3.11/site-packages/urllib3/util/util.py", line 39, in reraise
    raise value
  File "/opt/hostedtoolcache/Python/3.11.14/x64/lib/python3.11/site-packages/urllib3/connectionpool.py", line 787, in urlopen
    response = self._make_request(
               ^^^^^^^^^^^^^^^^^^^
  File "/opt/hostedtoolcache/Python/3.11.14/x64/lib/python3.11/site-packages/urllib3/connectionpool.py", line 536, in _make_request
    self._raise_timeout(err=e, url=url, timeout_value=read_timeout)
  File "/opt/hostedtoolcache/Python/3.11.14/x64/lib/python3.11/site-packages/urllib3/connectionpool.py", line 367, in _raise_timeout
    raise ReadTimeoutError(
urllib3.exceptions.ReadTimeoutError: HTTPConnectionPool(host='localhost', port=32935): Read timed out. (read timeout=120)
2025-12-06 08:27:41 [decrypt] INFO: blues found yt_url: https://youtu.be/Pvb507yUXOs
2025-12-06 08:27:41 [pytubefix.__main__] WARNING: `use_po_token` and `po_token_verifier` is deprecated and will be removed soon.
2025-12-06 08:27:42 [decrypt] ERROR: blues found yt_url error: EOF when reading a line
2025-12-06 08:29:42 [scrapy.core.scraper] ERROR: Spider error processing <GET https://blues2022.blogspot.com/2025/12/20251244kchatgpt4k8kclashv2ray.html?m=1> (referer: https://blues2022.blogspot.com/?m=1)
Traceback (most recent call last):
  File "/opt/hostedtoolcache/Python/3.11.14/x64/lib/python3.11/site-packages/urllib3/connectionpool.py", line 534, in _make_request
    response = conn.getresponse()
               ^^^^^^^^^^^^^^^^^^
  File "/opt/hostedtoolcache/Python/3.11.14/x64/lib/python3.11/site-packages/urllib3/connection.py", line 571, in getresponse
    httplib_response = super().getresponse()
                       ^^^^^^^^^^^^^^^^^^^^^
  File "/opt/hostedtoolcache/Python/3.11.14/x64/lib/python3.11/http/client.py", line 1395, in getresponse
    response.begin()
  File "/opt/hostedtoolcache/Python/3.11.14/x64/lib/python3.11/http/client.py", line 325, in begin
    version, status, reason = self._read_status()
                              ^^^^^^^^^^^^^^^^^^^
  File "/opt/hostedtoolcache/Python/3.11.14/x64/lib/python3.11/http/client.py", line 286, in _read_status
    line = str(self.fp.readline(_MAXLINE + 1), "iso-8859-1")
               ^^^^^^^^^^^^^^^^^^^^^^^^^^^^^^
  File "/opt/hostedtoolcache/Python/3.11.14/x64/lib/python3.11/socket.py", line 718, in readinto
    return self._sock.recv_into(b)
           ^^^^^^^^^^^^^^^^^^^^^^^
TimeoutError: timed out

The above exception was the direct cause of the following exception:

Traceback (most recent call last):
  File "/opt/hostedtoolcache/Python/3.11.14/x64/lib/python3.11/site-packages/scrapy/utils/defer.py", line 343, in iter_errback
    yield next(it)
          ^^^^^^^^
  File "/opt/hostedtoolcache/Python/3.11.14/x64/lib/python3.11/site-packages/scrapy/utils/python.py", line 369, in __next__
    return next(self.data)
           ^^^^^^^^^^^^^^^
  File "/opt/hostedtoolcache/Python/3.11.14/x64/lib/python3.11/site-packages/scrapy/utils/python.py", line 369, in __next__
    return next(self.data)
           ^^^^^^^^^^^^^^^
  File "/opt/hostedtoolcache/Python/3.11.14/x64/lib/python3.11/site-packages/scrapy/core/spidermw.py", line 167, in process_sync
    yield from iterable
  File "/opt/hostedtoolcache/Python/3.11.14/x64/lib/python3.11/site-packages/scrapy/spidermiddlewares/base.py", line 58, in process_spider_output
    for o in result:
  File "/opt/hostedtoolcache/Python/3.11.14/x64/lib/python3.11/site-packages/scrapy/core/spidermw.py", line 167, in process_sync
    yield from iterable
  File "/opt/hostedtoolcache/Python/3.11.14/x64/lib/python3.11/site-packages/scrapy/spidermiddlewares/base.py", line 58, in process_spider_output
    for o in result:
  File "/opt/hostedtoolcache/Python/3.11.14/x64/lib/python3.11/site-packages/scrapy/core/spidermw.py", line 167, in process_sync
    yield from iterable
  File "/opt/hostedtoolcache/Python/3.11.14/x64/lib/python3.11/site-packages/scrapy/spidermiddlewares/base.py", line 58, in process_spider_output
    for o in result:
  File "/opt/hostedtoolcache/Python/3.11.14/x64/lib/python3.11/site-packages/scrapy/core/spidermw.py", line 167, in process_sync
    yield from iterable
  File "/opt/hostedtoolcache/Python/3.11.14/x64/lib/python3.11/site-packages/scrapy/spidermiddlewares/depth.py", line 59, in process_spider_output
    yield from super().process_spider_output(response, result, spider)
  File "/opt/hostedtoolcache/Python/3.11.14/x64/lib/python3.11/site-packages/scrapy/spidermiddlewares/base.py", line 58, in process_spider_output
    for o in result:
  File "/opt/hostedtoolcache/Python/3.11.14/x64/lib/python3.11/site-packages/scrapy/core/spidermw.py", line 167, in process_sync
    yield from iterable
  File "/home/runner/work/FreeNodes/FreeNodes/NodeScrapy/spiders/DecryptSpider.py", line 91, in parse_blog
    ok, msg = self._decrypt(response.url, method, pwd)
              ^^^^^^^^^^^^^^^^^^^^^^^^^^^^^^^^^^^^^^^^
  File "/home/runner/work/FreeNodes/FreeNodes/NodeScrapy/spiders/DecryptSpider.py", line 42, in _decrypt
    self.driver.get(url)
  File "/opt/hostedtoolcache/Python/3.11.14/x64/lib/python3.11/site-packages/selenium/webdriver/remote/webdriver.py", line 483, in get
    self.execute(Command.GET, {"url": url})
  File "/opt/hostedtoolcache/Python/3.11.14/x64/lib/python3.11/site-packages/selenium/webdriver/remote/webdriver.py", line 455, in execute
    response = cast(RemoteConnection, self.command_executor).execute(driver_command, params)
               ^^^^^^^^^^^^^^^^^^^^^^^^^^^^^^^^^^^^^^^^^^^^^^^^^^^^^^^^^^^^^^^^^^^^^^^^^^^^^
  File "/opt/hostedtoolcache/Python/3.11.14/x64/lib/python3.11/site-packages/selenium/webdriver/remote/remote_connection.py", line 407, in execute
    return self._request(command_info[0], url, body=data)
           ^^^^^^^^^^^^^^^^^^^^^^^^^^^^^^^^^^^^^^^^^^^^^^
  File "/opt/hostedtoolcache/Python/3.11.14/x64/lib/python3.11/site-packages/selenium/webdriver/remote/remote_connection.py", line 431, in _request
    response = self._conn.request(method, url, body=body, headers=headers, timeout=self._client_config.timeout)
               ^^^^^^^^^^^^^^^^^^^^^^^^^^^^^^^^^^^^^^^^^^^^^^^^^^^^^^^^^^^^^^^^^^^^^^^^^^^^^^^^^^^^^^^^^^^^^^^^
  File "/opt/hostedtoolcache/Python/3.11.14/x64/lib/python3.11/site-packages/urllib3/_request_methods.py", line 143, in request
    return self.request_encode_body(
           ^^^^^^^^^^^^^^^^^^^^^^^^^
  File "/opt/hostedtoolcache/Python/3.11.14/x64/lib/python3.11/site-packages/urllib3/_request_methods.py", line 278, in request_encode_body
    return self.urlopen(method, url, **extra_kw)
           ^^^^^^^^^^^^^^^^^^^^^^^^^^^^^^^^^^^^^
  File "/opt/hostedtoolcache/Python/3.11.14/x64/lib/python3.11/site-packages/urllib3/poolmanager.py", line 457, in urlopen
    response = conn.urlopen(method, u.request_uri, **kw)
               ^^^^^^^^^^^^^^^^^^^^^^^^^^^^^^^^^^^^^^^^^
  File "/opt/hostedtoolcache/Python/3.11.14/x64/lib/python3.11/site-packages/urllib3/connectionpool.py", line 841, in urlopen
    retries = retries.increment(
              ^^^^^^^^^^^^^^^^^^
  File "/opt/hostedtoolcache/Python/3.11.14/x64/lib/python3.11/site-packages/urllib3/util/retry.py", line 474, in increment
    raise reraise(type(error), error, _stacktrace)
          ^^^^^^^^^^^^^^^^^^^^^^^^^^^^^^^^^^^^^^^^
  File "/opt/hostedtoolcache/Python/3.11.14/x64/lib/python3.11/site-packages/urllib3/util/util.py", line 39, in reraise
    raise value
  File "/opt/hostedtoolcache/Python/3.11.14/x64/lib/python3.11/site-packages/urllib3/connectionpool.py", line 787, in urlopen
    response = self._make_request(
               ^^^^^^^^^^^^^^^^^^^
  File "/opt/hostedtoolcache/Python/3.11.14/x64/lib/python3.11/site-packages/urllib3/connectionpool.py", line 536, in _make_request
    self._raise_timeout(err=e, url=url, timeout_value=read_timeout)
  File "/opt/hostedtoolcache/Python/3.11.14/x64/lib/python3.11/site-packages/urllib3/connectionpool.py", line 367, in _raise_timeout
    raise ReadTimeoutError(
urllib3.exceptions.ReadTimeoutError: HTTPConnectionPool(host='localhost', port=32935): Read timed out. (read timeout=120)
2025-12-06 08:29:42 [scrapy.extensions.logstats] INFO: Crawled 5 pages (at 0 pages/min), scraped 0 items (at 0 items/min)
2025-12-06 08:29:42 [scrapy.core.engine] INFO: Closing spider (finished)
2025-12-06 08:31:42 [urllib3.connectionpool] WARNING: Retrying (Retry(total=2, connect=None, read=None, redirect=None, status=None)) after connection broken by 'ReadTimeoutError("HTTPConnectionPool(host='localhost', port=32935): Read timed out. (read timeout=120)")': /session/8f4184b5c3fdaffbc589c2585e86f42a
2025-12-06 08:33:42 [urllib3.connectionpool] WARNING: Retrying (Retry(total=1, connect=None, read=None, redirect=None, status=None)) after connection broken by 'ReadTimeoutError("HTTPConnectionPool(host='localhost', port=32935): Read timed out. (read timeout=120)")': /session/8f4184b5c3fdaffbc589c2585e86f42a
2025-12-06 08:33:48 [scrapy.statscollectors] INFO: Dumping Scrapy stats:
{'downloader/exception_count': 6,
 'downloader/exception_type_count/twisted.web._newclient.ResponseNeverReceived': 6,
 'downloader/request_bytes': 4905,
 'downloader/request_count': 14,
 'downloader/request_method_count/GET': 14,
 'downloader/response_bytes': 169064,
 'downloader/response_count': 8,
 'downloader/response_status_count/200': 5,
 'downloader/response_status_count/302': 3,
 'elapsed_time_seconds': 688.46594,
 'finish_reason': 'finished',
 'finish_time': datetime.datetime(2025, 12, 6, 8, 33, 48, 682035, tzinfo=datetime.timezone.utc),
 'httpcompression/response_bytes': 975061,
 'httpcompression/response_count': 5,
 'items_per_minute': 0.0,
 'log_count/ERROR': 10,
 'log_count/INFO': 25,
 'log_count/WARNING': 49,
 'memusage/max': 181444608,
 'memusage/startup': 158281728,
 'request_depth_max': 1,
 'response_received_count': 5,
 'responses_per_minute': 0.436046511627907,
 'retry/count': 4,
 'retry/max_reached': 2,
 'retry/reason_count/twisted.web._newclient.ResponseNeverReceived': 4,
 "robotstxt/exception_count/<class 'twisted.web._newclient.ResponseNeverReceived'>": 1,
 'robotstxt/request_count': 2,
 'robotstxt/response_count': 1,
 'robotstxt/response_status_count/200': 1,
 'scheduler/dequeued': 10,
 'scheduler/dequeued/memory': 10,
 'scheduler/enqueued': 10,
 'scheduler/enqueued/memory': 10,
 'spider_exceptions/ReadTimeoutError': 3,
 'spider_exceptions/count': 3,
 'start_time': datetime.datetime(2025, 12, 6, 8, 22, 20, 216095, tzinfo=datetime.timezone.utc)}
2025-12-06 08:33:48 [scrapy.core.engine] INFO: Spider closed (finished)
